# JRE version: Java(TM) SE Runtime Environment (8.0_77-b03) (build 1.8.0_77-b03)
# Java VM: Java HotSpot(TM) Client VM (25.77-b03 mixed mode windows-x86 )
Heap:
 par new generation   total 118016K, used 27744K [0x04000000, 0x0c000000, 0x0c000000)
  eden space 104960K,  19% used [0x04000000, 0x05420f50, 0x0a680000)
  from space 13056K,  54% used [0x0a680000, 0x0ad770b0, 0x0b340000)
  to   space 13056K,   0% used [0x0b340000, 0x0b340000, 0x0c000000)
 concurrent mark-sweep generation total 917504K, used 138244K [0x0c000000, 0x44000000, 0x44000000)
 Metaspace       used 23101K, capacity 23322K, committed 23424K, reserved 23936K
GC Heap History (10 events):
Event: 39.259 GC heap before
{Heap before GC invocations=39 (full 11):
 par new generation   total 118016K, used 107864K [0x04000000, 0x0c000000, 0x0c000000)
  eden space 104960K,  90% used [0x04000000, 0x09c96008, 0x0a680000)
  from space 13056K, 100% used [0x0b340000, 0x0c000000, 0x0c000000)
  to   space 13056K,   0% used [0x0a680000, 0x0a680000, 0x0b340000)
 concurrent mark-sweep generation total 917504K, used 128743K [0x0c000000, 0x44000000, 0x44000000)
 Metaspace       used 23088K, capacity 23322K, committed 23424K, reserved 23936K
Event: 39.274 GC heap after
Heap after GC invocations=40 (full 11):
 par new generation   total 118016K, used 9459K [0x04000000, 0x0c000000, 0x0c000000)
  eden space 104960K,   0% used [0x04000000, 0x04000000, 0x0a680000)
  from space 13056K,  72% used [0x0a680000, 0x0afbcfb0, 0x0b340000)
  to   space 13056K,   0% used [0x0b340000, 0x0b340000, 0x0c000000)
 concurrent mark-sweep generation total 917504K, used 138244K [0x0c000000, 0x44000000, 0x44000000)
 Metaspace       used 23088K, capacity 23322K, committed 23424K, reserved 23936K
}
Event: 39.354 GC heap before
{Heap before GC invocations=40 (full 11):
 par new generation   total 118016K, used 112017K [0x04000000, 0x0c000000, 0x0c000000)
  eden space 104960K,  97% used [0x04000000, 0x0a427738, 0x0a680000)
  from space 13056K,  72% used [0x0a680000, 0x0afbcfb0, 0x0b340000)
  to   space 13056K,   0% used [0x0b340000, 0x0b340000, 0x0c000000)
 concurrent mark-sweep generation total 917504K, used 138244K [0x0c000000, 0x44000000, 0x44000000)
 Metaspace       used 23091K, capacity 23322K, committed 23424K, reserved 23936K
Event: 39.360 GC heap after
Heap after GC invocations=41 (full 11):
 par new generation   total 118016K, used 3084K [0x04000000, 0x0c000000, 0x0c000000)
  eden space 104960K,   0% used [0x04000000, 0x04000000, 0x0a680000)
  from space 13056K,  23% used [0x0b340000, 0x0b643028, 0x0c000000)
  to   space 13056K,   0% used [0x0a680000, 0x0a680000, 0x0b340000)
 concurrent mark-sweep generation total 917504K, used 138244K [0x0c000000, 0x44000000, 0x44000000)
 Metaspace       used 23091K, capacity 23322K, committed 23424K, reserved 23936K
}
Event: 39.969 GC heap before
{Heap before GC invocations=41 (full 11):
 par new generation   total 118016K, used 100611K [0x04000000, 0x0c000000, 0x0c000000)
  eden space 104960K,  92% used [0x04000000, 0x09f3dcd8, 0x0a680000)
  from space 13056K,  23% used [0x0b340000, 0x0b643028, 0x0c000000)
  to   space 13056K,   0% used [0x0a680000, 0x0a680000, 0x0b340000)
 concurrent mark-sweep generation total 917504K, used 138244K [0x0c000000, 0x44000000, 0x44000000)
 Metaspace       used 23091K, capacity 23322K, committed 23424K, reserved 23936K
Event: 39.977 GC heap after
Heap after GC invocations=42 (full 11):
 par new generation   total 118016K, used 4328K [0x04000000, 0x0c000000, 0x0c000000)
  eden space 104960K,   0% used [0x04000000, 0x04000000, 0x0a680000)
  from space 13056K,  33% used [0x0a680000, 0x0aaba108, 0x0b340000)
  to   space 13056K,   0% used [0x0b340000, 0x0b340000, 0x0c000000)
 concurrent mark-sweep generation total 917504K, used 138244K [0x0c000000, 0x44000000, 0x44000000)
 Metaspace       used 23091K, capacity 23322K, committed 23424K, reserved 23936K
}
Event: 42.127 GC heap before
{Heap before GC invocations=42 (full 11):
 par new generation   total 118016K, used 105547K [0x04000000, 0x0c000000, 0x0c000000)
  eden space 104960K,  96% used [0x04000000, 0x0a2d8bc8, 0x0a680000)
  from space 13056K,  33% used [0x0a680000, 0x0aaba108, 0x0b340000)
  to   space 13056K,   0% used [0x0b340000, 0x0b340000, 0x0c000000)
 concurrent mark-sweep generation total 917504K, used 138244K [0x0c000000, 0x44000000, 0x44000000)
 Metaspace       used 23092K, capacity 23322K, committed 23424K, reserved 23936K
Event: 42.134 GC heap after
Heap after GC invocations=43 (full 11):
 par new generation   total 118016K, used 5652K [0x04000000, 0x0c000000, 0x0c000000)
  eden space 104960K,   0% used [0x04000000, 0x04000000, 0x0a680000)
  from space 13056K,  43% used [0x0b340000, 0x0b8c5270, 0x0c000000)
  to   space 13056K,   0% used [0x0a680000, 0x0a680000, 0x0b340000)
 concurrent mark-sweep generation total 917504K, used 138244K [0x0c000000, 0x44000000, 0x44000000)
 Metaspace       used 23092K, capacity 23322K, committed 23424K, reserved 23936K
}
Event: 44.820 GC heap before
{Heap before GC invocations=43 (full 11):
 par new generation   total 118016K, used 103364K [0x04000000, 0x0c000000, 0x0c000000)
  eden space 104960K,  93% used [0x04000000, 0x09f6bfe0, 0x0a680000)
  from space 13056K,  43% used [0x0b340000, 0x0b8c5270, 0x0c000000)
  to   space 13056K,   0% used [0x0a680000, 0x0a680000, 0x0b340000)
 concurrent mark-sweep generation total 917504K, used 138244K [0x0c000000, 0x44000000, 0x44000000)
 Metaspace       used 23101K, capacity 23322K, committed 23424K, reserved 23936K
Event: 44.827 GC heap after
Heap after GC invocations=44 (full 11):
 par new generation   total 118016K, used 7132K [0x04000000, 0x0c000000, 0x0c000000)
  eden space 104960K,   0% used [0x04000000, 0x04000000, 0x0a680000)
  from space 13056K,  54% used [0x0a680000, 0x0ad770b0, 0x0b340000)
  to   space 13056K,   0% used [0x0b340000, 0x0b340000, 0x0c000000)
 concurrent mark-sweep generation total 917504K, used 138244K [0x0c000000, 0x44000000, 0x44000000)
 Metaspace       used 23101K, capacity 23322K, committed 23424K, reserved 23936K
}

