# JRE version: Java(TM) SE Runtime Environment (8.0_77-b03) (build 1.8.0_77-b03)
# Java VM: Java HotSpot(TM) Client VM (25.77-b03 mixed mode windows-x86 )
Heap:
 par new generation   total 118016K, used 44769K [0x04000000, 0x0c000000, 0x0c000000)
  eden space 104960K,  35% used [0x04000000, 0x06405dc0, 0x0a680000)
  from space 13056K,  60% used [0x0a680000, 0x0ae326a8, 0x0b340000)
  to   space 13056K,   0% used [0x0b340000, 0x0b340000, 0x0c000000)
 concurrent mark-sweep generation total 917504K, used 78603K [0x0c000000, 0x44000000, 0x44000000)
 Metaspace       used 22875K, capacity 23076K, committed 23296K, reserved 23936K
GC Heap History (10 events):
Event: 33.753 GC heap before
{Heap before GC invocations=31 (full 10):
 par new generation   total 118016K, used 73609K [0x04000000, 0x0c000000, 0x0c000000)
  eden space 104960K,  57% used [0x04000000, 0x07b22620, 0x0a680000)
  from space 13056K, 100% used [0x0a680000, 0x0b340000, 0x0b340000)
  to   space 13056K,   0% used [0x0b340000, 0x0b340000, 0x0c000000)
 concurrent mark-sweep generation total 917504K, used 63975K [0x0c000000, 0x44000000, 0x44000000)
 Metaspace       used 21497K, capacity 21702K, committed 21888K, reserved 21888K
Event: 33.900 GC heap after
Heap after GC invocations=32 (full 11):
 par new generation   total 118016K, used 0K [0x04000000, 0x0c000000, 0x0c000000)
  eden space 104960K,   0% used [0x04000000, 0x04000000, 0x0a680000)
  from space 13056K,   0% used [0x0a680000, 0x0a680000, 0x0b340000)
  to   space 13056K,   0% used [0x0b340000, 0x0b340000, 0x0c000000)
 concurrent mark-sweep generation total 917504K, used 78100K [0x0c000000, 0x44000000, 0x44000000)
 Metaspace       used 21497K, capacity 21702K, committed 21888K, reserved 21888K
}
Event: 34.057 GC heap before
{Heap before GC invocations=32 (full 11):
 par new generation   total 118016K, used 88583K [0x04000000, 0x0c000000, 0x0c000000)
  eden space 104960K,  84% used [0x04000000, 0x09681f10, 0x0a680000)
  from space 13056K,   0% used [0x0a680000, 0x0a680000, 0x0b340000)
  to   space 13056K,   0% used [0x0b340000, 0x0b340000, 0x0c000000)
 concurrent mark-sweep generation total 917504K, used 78100K [0x0c000000, 0x44000000, 0x44000000)
 Metaspace       used 21944K, capacity 22170K, committed 22400K, reserved 22912K
Event: 34.063 GC heap after
Heap after GC invocations=33 (full 11):
 par new generation   total 118016K, used 10724K [0x04000000, 0x0c000000, 0x0c000000)
  eden space 104960K,   0% used [0x04000000, 0x04000000, 0x0a680000)
  from space 13056K,  82% used [0x0b340000, 0x0bdb92f0, 0x0c000000)
  to   space 13056K,   0% used [0x0a680000, 0x0a680000, 0x0b340000)
 concurrent mark-sweep generation total 917504K, used 78100K [0x0c000000, 0x44000000, 0x44000000)
 Metaspace       used 21944K, capacity 22170K, committed 22400K, reserved 22912K
}
Event: 35.504 GC heap before
{Heap before GC invocations=33 (full 12):
 par new generation   total 118016K, used 115684K [0x04000000, 0x0c000000, 0x0c000000)
  eden space 104960K, 100% used [0x04000000, 0x0a680000, 0x0a680000)
  from space 13056K,  82% used [0x0b340000, 0x0bdb92f0, 0x0c000000)
  to   space 13056K,   0% used [0x0a680000, 0x0a680000, 0x0b340000)
 concurrent mark-sweep generation total 917504K, used 78100K [0x0c000000, 0x44000000, 0x44000000)
 Metaspace       used 22860K, capacity 23076K, committed 23296K, reserved 23936K
Event: 35.515 GC heap after
Heap after GC invocations=34 (full 12):
 par new generation   total 118016K, used 7343K [0x04000000, 0x0c000000, 0x0c000000)
  eden space 104960K,   0% used [0x04000000, 0x04000000, 0x0a680000)
  from space 13056K,  56% used [0x0a680000, 0x0adabe60, 0x0b340000)
  to   space 13056K,   0% used [0x0b340000, 0x0b340000, 0x0c000000)
 concurrent mark-sweep generation total 917504K, used 78100K [0x0c000000, 0x44000000, 0x44000000)
 Metaspace       used 22860K, capacity 23076K, committed 23296K, reserved 23936K
}
Event: 38.490 GC heap before
{Heap before GC invocations=34 (full 12):
 par new generation   total 118016K, used 112303K [0x04000000, 0x0c000000, 0x0c000000)
  eden space 104960K, 100% used [0x04000000, 0x0a680000, 0x0a680000)
  from space 13056K,  56% used [0x0a680000, 0x0adabe60, 0x0b340000)
  to   space 13056K,   0% used [0x0b340000, 0x0b340000, 0x0c000000)
 concurrent mark-sweep generation total 917504K, used 77152K [0x0c000000, 0x44000000, 0x44000000)
 Metaspace       used 22870K, capacity 23076K, committed 23296K, reserved 23936K
Event: 38.500 GC heap after
Heap after GC invocations=35 (full 12):
 par new generation   total 118016K, used 7043K [0x04000000, 0x0c000000, 0x0c000000)
  eden space 104960K,   0% used [0x04000000, 0x04000000, 0x0a680000)
  from space 13056K,  53% used [0x0b340000, 0x0ba20c50, 0x0c000000)
  to   space 13056K,   0% used [0x0a680000, 0x0a680000, 0x0b340000)
 concurrent mark-sweep generation total 917504K, used 78603K [0x0c000000, 0x44000000, 0x44000000)
 Metaspace       used 22870K, capacity 23076K, committed 23296K, reserved 23936K
}
Event: 41.653 GC heap before
{Heap before GC invocations=35 (full 12):
 par new generation   total 118016K, used 112003K [0x04000000, 0x0c000000, 0x0c000000)
  eden space 104960K, 100% used [0x04000000, 0x0a680000, 0x0a680000)
  from space 13056K,  53% used [0x0b340000, 0x0ba20c50, 0x0c000000)
  to   space 13056K,   0% used [0x0a680000, 0x0a680000, 0x0b340000)
 concurrent mark-sweep generation total 917504K, used 78603K [0x0c000000, 0x44000000, 0x44000000)
 Metaspace       used 22873K, capacity 23076K, committed 23296K, reserved 23936K
Event: 41.661 GC heap after
Heap after GC invocations=36 (full 12):
 par new generation   total 118016K, used 7881K [0x04000000, 0x0c000000, 0x0c000000)
  eden space 104960K,   0% used [0x04000000, 0x04000000, 0x0a680000)
  from space 13056K,  60% used [0x0a680000, 0x0ae326a8, 0x0b340000)
  to   space 13056K,   0% used [0x0b340000, 0x0b340000, 0x0c000000)
 concurrent mark-sweep generation total 917504K, used 78603K [0x0c000000, 0x44000000, 0x44000000)
 Metaspace       used 22873K, capacity 23076K, committed 23296K, reserved 23936K
}

