# JRE version: Java(TM) SE Runtime Environment (8.0_91-b14) (build 1.8.0_91-b14)
# Java VM: Java HotSpot(TM) Client VM (25.91-b14 mixed mode windows-x86 )
Heap:
 par new generation   total 118016K, used 26018K [0x04000000, 0x0c000000, 0x0c000000)
  eden space 104960K,  12% used [0x04000000, 0x04ca8a30, 0x0a680000)
  from space 13056K, 100% used [0x0b340000, 0x0c000000, 0x0c000000)
  to   space 13056K,   0% used [0x0a680000, 0x0a680000, 0x0b340000)
 concurrent mark-sweep generation total 917504K, used 139971K [0x0c000000, 0x44000000, 0x44000000)
 Metaspace       used 22808K, capacity 23015K, committed 23168K, reserved 23936K
GC Heap History (10 events):
Event: 53.027 GC heap before
{Heap before GC invocations=48 (full 16):
 par new generation   total 118016K, used 118016K [0x04000000, 0x0c000000, 0x0c000000)
  eden space 104960K, 100% used [0x04000000, 0x0a680000, 0x0a680000)
  from space 13056K, 100% used [0x0b340000, 0x0c000000, 0x0c000000)
  to   space 13056K,   0% used [0x0a680000, 0x0a680000, 0x0b340000)
 concurrent mark-sweep generation total 917504K, used 140820K [0x0c000000, 0x44000000, 0x44000000)
 Metaspace       used 22802K, capacity 22983K, committed 23168K, reserved 23936K
Event: 53.048 GC heap after
Heap after GC invocations=49 (full 16):
 par new generation   total 118016K, used 13056K [0x04000000, 0x0c000000, 0x0c000000)
  eden space 104960K,   0% used [0x04000000, 0x04000000, 0x0a680000)
  from space 13056K, 100% used [0x0a680000, 0x0b340000, 0x0b340000)
  to   space 13056K,   0% used [0x0b340000, 0x0b340000, 0x0c000000)
 concurrent mark-sweep generation total 917504K, used 149610K [0x0c000000, 0x44000000, 0x44000000)
 Metaspace       used 22802K, capacity 22983K, committed 23168K, reserved 23936K
}
Event: 54.879 GC heap before
{Heap before GC invocations=49 (full 16):
 par new generation   total 118016K, used 118016K [0x04000000, 0x0c000000, 0x0c000000)
  eden space 104960K, 100% used [0x04000000, 0x0a680000, 0x0a680000)
  from space 13056K, 100% used [0x0a680000, 0x0b340000, 0x0b340000)
  to   space 13056K,   0% used [0x0b340000, 0x0b340000, 0x0c000000)
 concurrent mark-sweep generation total 917504K, used 149610K [0x0c000000, 0x44000000, 0x44000000)
 Metaspace       used 22802K, capacity 22983K, committed 23168K, reserved 23936K
Event: 54.906 GC heap after
Heap after GC invocations=50 (full 16):
 par new generation   total 118016K, used 13056K [0x04000000, 0x0c000000, 0x0c000000)
  eden space 104960K,   0% used [0x04000000, 0x04000000, 0x0a680000)
  from space 13056K, 100% used [0x0b340000, 0x0c000000, 0x0c000000)
  to   space 13056K,   0% used [0x0a680000, 0x0a680000, 0x0b340000)
 concurrent mark-sweep generation total 917504K, used 162773K [0x0c000000, 0x44000000, 0x44000000)
 Metaspace       used 22802K, capacity 22983K, committed 23168K, reserved 23936K
}
Event: 56.652 GC heap before
{Heap before GC invocations=50 (full 16):
 par new generation   total 118016K, used 111901K [0x04000000, 0x0c000000, 0x0c000000)
  eden space 104960K,  94% used [0x04000000, 0x0a087730, 0x0a680000)
  from space 13056K, 100% used [0x0b340000, 0x0c000000, 0x0c000000)
  to   space 13056K,   0% used [0x0a680000, 0x0a680000, 0x0b340000)
 concurrent mark-sweep generation total 917504K, used 162773K [0x0c000000, 0x44000000, 0x44000000)
 Metaspace       used 22802K, capacity 22983K, committed 23168K, reserved 23936K
Event: 56.867 GC heap after
Heap after GC invocations=51 (full 17):
 par new generation   total 118016K, used 0K [0x04000000, 0x0c000000, 0x0c000000)
  eden space 104960K,   0% used [0x04000000, 0x04000000, 0x0a680000)
  from space 13056K,   0% used [0x0b340000, 0x0b340000, 0x0c000000)
  to   space 13056K,   0% used [0x0a680000, 0x0a680000, 0x0b340000)
 concurrent mark-sweep generation total 917504K, used 128716K [0x0c000000, 0x44000000, 0x44000000)
 Metaspace       used 22802K, capacity 22983K, committed 23168K, reserved 23936K
}
Event: 58.277 GC heap before
{Heap before GC invocations=51 (full 17):
 par new generation   total 118016K, used 104960K [0x04000000, 0x0c000000, 0x0c000000)
  eden space 104960K, 100% used [0x04000000, 0x0a680000, 0x0a680000)
  from space 13056K,   0% used [0x0b340000, 0x0b340000, 0x0c000000)
  to   space 13056K,   0% used [0x0a680000, 0x0a680000, 0x0b340000)
 concurrent mark-sweep generation total 917504K, used 128716K [0x0c000000, 0x44000000, 0x44000000)
 Metaspace       used 22806K, capacity 22983K, committed 23168K, reserved 23936K
Event: 58.291 GC heap after
Heap after GC invocations=52 (full 17):
 par new generation   total 118016K, used 13056K [0x04000000, 0x0c000000, 0x0c000000)
  eden space 104960K,   0% used [0x04000000, 0x04000000, 0x0a680000)
  from space 13056K, 100% used [0x0a680000, 0x0b340000, 0x0b340000)
  to   space 13056K,   0% used [0x0b340000, 0x0b340000, 0x0c000000)
 concurrent mark-sweep generation total 917504K, used 131606K [0x0c000000, 0x44000000, 0x44000000)
 Metaspace       used 22806K, capacity 22983K, committed 23168K, reserved 23936K
}
Event: 61.924 GC heap before
{Heap before GC invocations=52 (full 18):
 par new generation   total 118016K, used 118016K [0x04000000, 0x0c000000, 0x0c000000)
  eden space 104960K, 100% used [0x04000000, 0x0a680000, 0x0a680000)
  from space 13056K, 100% used [0x0a680000, 0x0b340000, 0x0b340000)
  to   space 13056K,   0% used [0x0b340000, 0x0b340000, 0x0c000000)
 concurrent mark-sweep generation total 917504K, used 131606K [0x0c000000, 0x44000000, 0x44000000)
 Metaspace       used 22808K, capacity 23015K, committed 23168K, reserved 23936K
Event: 61.943 GC heap after
Heap after GC invocations=53 (full 18):
 par new generation   total 118016K, used 13056K [0x04000000, 0x0c000000, 0x0c000000)
  eden space 104960K,   0% used [0x04000000, 0x04000000, 0x0a680000)
  from space 13056K, 100% used [0x0b340000, 0x0c000000, 0x0c000000)
  to   space 13056K,   0% used [0x0a680000, 0x0a680000, 0x0b340000)
 concurrent mark-sweep generation total 917504K, used 139971K [0x0c000000, 0x44000000, 0x44000000)
 Metaspace       used 22808K, capacity 23015K, committed 23168K, reserved 23936K
}

