# JRE version: Java(TM) SE Runtime Environment (8.0_77-b03) (build 1.8.0_77-b03)
# Java VM: Java HotSpot(TM) Client VM (25.77-b03 mixed mode windows-x86 )
Heap:
 par new generation   total 118016K, used 57533K [0x03e00000, 0x0be00000, 0x0be00000)
  eden space 104960K,  46% used [0x03e00000, 0x06d37f10, 0x0a480000)
  from space 13056K,  70% used [0x0a480000, 0x0ad778e8, 0x0b140000)
  to   space 13056K,   0% used [0x0b140000, 0x0b140000, 0x0be00000)
 concurrent mark-sweep generation total 917504K, used 84503K [0x0be00000, 0x43e00000, 0x43e00000)
 Metaspace       used 22820K, capacity 23027K, committed 23168K, reserved 23936K
GC Heap History (10 events):
Event: 53.330 GC heap before
{Heap before GC invocations=33 (full 12):
 par new generation   total 118016K, used 104960K [0x03e00000, 0x0be00000, 0x0be00000)
  eden space 104960K, 100% used [0x03e00000, 0x0a480000, 0x0a480000)
  from space 13056K,   0% used [0x0a480000, 0x0a480000, 0x0b140000)
  to   space 13056K,   0% used [0x0b140000, 0x0b140000, 0x0be00000)
 concurrent mark-sweep generation total 917504K, used 60924K [0x0be00000, 0x43e00000, 0x43e00000)
 Metaspace       used 19890K, capacity 20085K, committed 20224K, reserved 20864K
Event: 53.337 GC heap after
Heap after GC invocations=34 (full 12):
 par new generation   total 118016K, used 7813K [0x03e00000, 0x0be00000, 0x0be00000)
  eden space 104960K,   0% used [0x03e00000, 0x03e00000, 0x0a480000)
  from space 13056K,  59% used [0x0b140000, 0x0b8e15a8, 0x0be00000)
  to   space 13056K,   0% used [0x0a480000, 0x0a480000, 0x0b140000)
 concurrent mark-sweep generation total 917504K, used 60924K [0x0be00000, 0x43e00000, 0x43e00000)
 Metaspace       used 19890K, capacity 20085K, committed 20224K, reserved 20864K
}
Event: 55.608 GC heap before
{Heap before GC invocations=34 (full 12):
 par new generation   total 118016K, used 112773K [0x03e00000, 0x0be00000, 0x0be00000)
  eden space 104960K, 100% used [0x03e00000, 0x0a480000, 0x0a480000)
  from space 13056K,  59% used [0x0b140000, 0x0b8e15a8, 0x0be00000)
  to   space 13056K,   0% used [0x0a480000, 0x0a480000, 0x0b140000)
 concurrent mark-sweep generation total 917504K, used 60871K [0x0be00000, 0x43e00000, 0x43e00000)
 Metaspace       used 20780K, capacity 21013K, committed 21120K, reserved 21888K
Event: 55.624 GC heap after
Heap after GC invocations=35 (full 12):
 par new generation   total 118016K, used 13056K [0x03e00000, 0x0be00000, 0x0be00000)
  eden space 104960K,   0% used [0x03e00000, 0x03e00000, 0x0a480000)
  from space 13056K, 100% used [0x0a480000, 0x0b140000, 0x0b140000)
  to   space 13056K,   0% used [0x0b140000, 0x0b140000, 0x0be00000)
 concurrent mark-sweep generation total 917504K, used 70820K [0x0be00000, 0x43e00000, 0x43e00000)
 Metaspace       used 20780K, capacity 21013K, committed 21120K, reserved 21888K
}
Event: 56.420 GC heap before
{Heap before GC invocations=35 (full 12):
 par new generation   total 118016K, used 79413K [0x03e00000, 0x0be00000, 0x0be00000)
  eden space 104960K,  63% used [0x03e00000, 0x07ecd5e8, 0x0a480000)
  from space 13056K, 100% used [0x0a480000, 0x0b140000, 0x0b140000)
  to   space 13056K,   0% used [0x0b140000, 0x0b140000, 0x0be00000)
 concurrent mark-sweep generation total 917504K, used 70820K [0x0be00000, 0x43e00000, 0x43e00000)
 Metaspace       used 21467K, capacity 21687K, committed 21760K, reserved 21888K
Event: 56.577 GC heap after
Heap after GC invocations=36 (full 13):
 par new generation   total 118016K, used 0K [0x03e00000, 0x0be00000, 0x0be00000)
  eden space 104960K,   0% used [0x03e00000, 0x03e00000, 0x0a480000)
  from space 13056K,   0% used [0x0a480000, 0x0a480000, 0x0b140000)
  to   space 13056K,   0% used [0x0b140000, 0x0b140000, 0x0be00000)
 concurrent mark-sweep generation total 917504K, used 85303K [0x0be00000, 0x43e00000, 0x43e00000)
 Metaspace       used 21467K, capacity 21687K, committed 21760K, reserved 21888K
}
Event: 56.958 GC heap before
{Heap before GC invocations=36 (full 14):
 par new generation   total 118016K, used 95841K [0x03e00000, 0x0be00000, 0x0be00000)
  eden space 104960K,  91% used [0x03e00000, 0x09b986e8, 0x0a480000)
  from space 13056K,   0% used [0x0a480000, 0x0a480000, 0x0b140000)
  to   space 13056K,   0% used [0x0b140000, 0x0b140000, 0x0be00000)
 concurrent mark-sweep generation total 917504K, used 85303K [0x0be00000, 0x43e00000, 0x43e00000)
 Metaspace       used 21910K, capacity 22155K, committed 22272K, reserved 22912K
Event: 56.964 GC heap after
Heap after GC invocations=37 (full 14):
 par new generation   total 118016K, used 10695K [0x03e00000, 0x0be00000, 0x0be00000)
  eden space 104960K,   0% used [0x03e00000, 0x03e00000, 0x0a480000)
  from space 13056K,  81% used [0x0b140000, 0x0bbb1f48, 0x0be00000)
  to   space 13056K,   0% used [0x0a480000, 0x0a480000, 0x0b140000)
 concurrent mark-sweep generation total 917504K, used 85303K [0x0be00000, 0x43e00000, 0x43e00000)
 Metaspace       used 21910K, capacity 22155K, committed 22272K, reserved 22912K
}
Event: 58.737 GC heap before
{Heap before GC invocations=37 (full 14):
 par new generation   total 118016K, used 115655K [0x03e00000, 0x0be00000, 0x0be00000)
  eden space 104960K, 100% used [0x03e00000, 0x0a480000, 0x0a480000)
  from space 13056K,  81% used [0x0b140000, 0x0bbb1f48, 0x0be00000)
  to   space 13056K,   0% used [0x0a480000, 0x0a480000, 0x0b140000)
 concurrent mark-sweep generation total 917504K, used 84503K [0x0be00000, 0x43e00000, 0x43e00000)
 Metaspace       used 22752K, capacity 22995K, committed 23168K, reserved 23936K
Event: 58.746 GC heap after
Heap after GC invocations=38 (full 14):
 par new generation   total 118016K, used 9182K [0x03e00000, 0x0be00000, 0x0be00000)
  eden space 104960K,   0% used [0x03e00000, 0x03e00000, 0x0a480000)
  from space 13056K,  70% used [0x0a480000, 0x0ad778e8, 0x0b140000)
  to   space 13056K,   0% used [0x0b140000, 0x0b140000, 0x0be00000)
 concurrent mark-sweep generation total 917504K, used 84503K [0x0be00000, 0x43e00000, 0x43e00000)
 Metaspace       used 22752K, capacity 22995K, committed 23168K, reserved 23936K
}

