# JRE version: Java(TM) SE Runtime Environment (8.0_77-b03) (build 1.8.0_77-b03)
# Java VM: Java HotSpot(TM) Client VM (25.77-b03 mixed mode windows-x86 )
Heap:
 par new generation   total 118016K, used 58431K [0x04000000, 0x0c000000, 0x0c000000)
  eden space 104960K,  47% used [0x04000000, 0x07070210, 0x0a680000)
  from space 13056K,  67% used [0x0b340000, 0x0bbdfd48, 0x0c000000)
  to   space 13056K,   0% used [0x0a680000, 0x0a680000, 0x0b340000)
 concurrent mark-sweep generation total 917504K, used 118433K [0x0c000000, 0x44000000, 0x44000000)
 Metaspace       used 22998K, capacity 23226K, committed 23424K, reserved 23936K
GC Heap History (10 events):
Event: 30.287 GC heap before
{Heap before GC invocations=34 (full 10):
 par new generation   total 118016K, used 118016K [0x04000000, 0x0c000000, 0x0c000000)
  eden space 104960K, 100% used [0x04000000, 0x0a680000, 0x0a680000)
  from space 13056K, 100% used [0x0b340000, 0x0c000000, 0x0c000000)
  to   space 13056K,   0% used [0x0a680000, 0x0a680000, 0x0b340000)
 concurrent mark-sweep generation total 917504K, used 89229K [0x0c000000, 0x44000000, 0x44000000)
 Metaspace       used 20522K, capacity 20757K, committed 20864K, reserved 20864K
Event: 30.315 GC heap after
Heap after GC invocations=35 (full 10):
 par new generation   total 118016K, used 13056K [0x04000000, 0x0c000000, 0x0c000000)
  eden space 104960K,   0% used [0x04000000, 0x04000000, 0x0a680000)
  from space 13056K, 100% used [0x0a680000, 0x0b340000, 0x0b340000)
  to   space 13056K,   0% used [0x0b340000, 0x0b340000, 0x0c000000)
 concurrent mark-sweep generation total 917504K, used 102350K [0x0c000000, 0x44000000, 0x44000000)
 Metaspace       used 20522K, capacity 20757K, committed 20864K, reserved 20864K
}
Event: 31.143 GC heap before
{Heap before GC invocations=35 (full 10):
 par new generation   total 118016K, used 118016K [0x04000000, 0x0c000000, 0x0c000000)
  eden space 104960K, 100% used [0x04000000, 0x0a680000, 0x0a680000)
  from space 13056K, 100% used [0x0a680000, 0x0b340000, 0x0b340000)
  to   space 13056K,   0% used [0x0b340000, 0x0b340000, 0x0c000000)
 concurrent mark-sweep generation total 917504K, used 102350K [0x0c000000, 0x44000000, 0x44000000)
 Metaspace       used 21334K, capacity 21557K, committed 21632K, reserved 21888K
Event: 31.164 GC heap after
Heap after GC invocations=36 (full 10):
 par new generation   total 118016K, used 12961K [0x04000000, 0x0c000000, 0x0c000000)
  eden space 104960K,   0% used [0x04000000, 0x04000000, 0x0a680000)
  from space 13056K,  99% used [0x0b340000, 0x0bfe87d0, 0x0c000000)
  to   space 13056K,   0% used [0x0a680000, 0x0a680000, 0x0b340000)
 concurrent mark-sweep generation total 917504K, used 113510K [0x0c000000, 0x44000000, 0x44000000)
 Metaspace       used 21334K, capacity 21557K, committed 21632K, reserved 21888K
}
Event: 31.341 GC heap before
{Heap before GC invocations=36 (full 10):
 par new generation   total 118016K, used 48521K [0x04000000, 0x0c000000, 0x0c000000)
  eden space 104960K,  33% used [0x04000000, 0x062b9e20, 0x0a680000)
  from space 13056K,  99% used [0x0b340000, 0x0bfe87d0, 0x0c000000)
  to   space 13056K,   0% used [0x0a680000, 0x0a680000, 0x0b340000)
 concurrent mark-sweep generation total 917504K, used 113510K [0x0c000000, 0x44000000, 0x44000000)
 Metaspace       used 21680K, capacity 21882K, committed 22016K, reserved 22912K
Event: 31.550 GC heap after
Heap after GC invocations=37 (full 11):
 par new generation   total 118016K, used 0K [0x04000000, 0x0c000000, 0x0c000000)
  eden space 104960K,   0% used [0x04000000, 0x04000000, 0x0a680000)
  from space 13056K,   0% used [0x0b340000, 0x0b340000, 0x0c000000)
  to   space 13056K,   0% used [0x0a680000, 0x0a680000, 0x0b340000)
 concurrent mark-sweep generation total 917504K, used 118433K [0x0c000000, 0x44000000, 0x44000000)
 Metaspace       used 21680K, capacity 21882K, committed 22016K, reserved 22912K
}
Event: 31.686 GC heap before
{Heap before GC invocations=37 (full 11):
 par new generation   total 118016K, used 96701K [0x04000000, 0x0c000000, 0x0c000000)
  eden space 104960K,  92% used [0x04000000, 0x09e6f758, 0x0a680000)
  from space 13056K,   0% used [0x0b340000, 0x0b340000, 0x0c000000)
  to   space 13056K,   0% used [0x0a680000, 0x0a680000, 0x0b340000)
 concurrent mark-sweep generation total 917504K, used 118433K [0x0c000000, 0x44000000, 0x44000000)
 Metaspace       used 22119K, capacity 22350K, committed 22528K, reserved 22912K
Event: 31.691 GC heap after
Heap after GC invocations=38 (full 11):
 par new generation   total 118016K, used 5409K [0x04000000, 0x0c000000, 0x0c000000)
  eden space 104960K,   0% used [0x04000000, 0x04000000, 0x0a680000)
  from space 13056K,  41% used [0x0a680000, 0x0abc8718, 0x0b340000)
  to   space 13056K,   0% used [0x0b340000, 0x0b340000, 0x0c000000)
 concurrent mark-sweep generation total 917504K, used 118433K [0x0c000000, 0x44000000, 0x44000000)
 Metaspace       used 22119K, capacity 22350K, committed 22528K, reserved 22912K
}
Event: 32.078 GC heap before
{Heap before GC invocations=38 (full 12):
 par new generation   total 118016K, used 110369K [0x04000000, 0x0c000000, 0x0c000000)
  eden space 104960K, 100% used [0x04000000, 0x0a680000, 0x0a680000)
  from space 13056K,  41% used [0x0a680000, 0x0abc8718, 0x0b340000)
  to   space 13056K,   0% used [0x0b340000, 0x0b340000, 0x0c000000)
 concurrent mark-sweep generation total 917504K, used 118433K [0x0c000000, 0x44000000, 0x44000000)
 Metaspace       used 22504K, capacity 22709K, committed 22784K, reserved 22912K
Event: 32.090 GC heap after
Heap after GC invocations=39 (full 12):
 par new generation   total 118016K, used 8831K [0x04000000, 0x0c000000, 0x0c000000)
  eden space 104960K,   0% used [0x04000000, 0x04000000, 0x0a680000)
  from space 13056K,  67% used [0x0b340000, 0x0bbdfd48, 0x0c000000)
  to   space 13056K,   0% used [0x0a680000, 0x0a680000, 0x0b340000)
 concurrent mark-sweep generation total 917504K, used 118433K [0x0c000000, 0x44000000, 0x44000000)
 Metaspace       used 22504K, capacity 22709K, committed 22784K, reserved 22912K
}

