# JRE version: Java(TM) SE Runtime Environment (8.0_77-b03) (build 1.8.0_77-b03)
# Java VM: Java HotSpot(TM) Client VM (25.77-b03 mixed mode windows-x86 )
Heap:
 par new generation   total 118016K, used 33769K [0x04000000, 0x0c000000, 0x0c000000)
  eden space 104960K,  22% used [0x04000000, 0x056a9ce8, 0x0a680000)
  from space 13056K,  80% used [0x0b340000, 0x0bd908a8, 0x0c000000)
  to   space 13056K,   0% used [0x0a680000, 0x0a680000, 0x0b340000)
 concurrent mark-sweep generation total 917504K, used 78763K [0x0c000000, 0x44000000, 0x44000000)
 Metaspace       used 23368K, capacity 23586K, committed 23808K, reserved 23936K
GC Heap History (10 events):
Event: 20.777 GC heap before
{Heap before GC invocations=30 (full 10):
 par new generation   total 118016K, used 71379K [0x04000000, 0x0c000000, 0x0c000000)
  eden space 104960K,  55% used [0x04000000, 0x078f4f88, 0x0a680000)
  from space 13056K, 100% used [0x0b340000, 0x0c000000, 0x0c000000)
  to   space 13056K,   0% used [0x0a680000, 0x0a680000, 0x0b340000)
 concurrent mark-sweep generation total 917504K, used 63300K [0x0c000000, 0x44000000, 0x44000000)
 Metaspace       used 21408K, capacity 21604K, committed 21760K, reserved 21888K
Event: 20.921 GC heap after
Heap after GC invocations=31 (full 11):
 par new generation   total 118016K, used 0K [0x04000000, 0x0c000000, 0x0c000000)
  eden space 104960K,   0% used [0x04000000, 0x04000000, 0x0a680000)
  from space 13056K,   0% used [0x0b340000, 0x0b340000, 0x0c000000)
  to   space 13056K,   0% used [0x0a680000, 0x0a680000, 0x0b340000)
 concurrent mark-sweep generation total 917504K, used 76941K [0x0c000000, 0x44000000, 0x44000000)
 Metaspace       used 21408K, capacity 21604K, committed 21760K, reserved 21888K
}
Event: 21.154 GC heap before
{Heap before GC invocations=31 (full 11):
 par new generation   total 118016K, used 103581K [0x04000000, 0x0c000000, 0x0c000000)
  eden space 104960K,  98% used [0x04000000, 0x0a5274a8, 0x0a680000)
  from space 13056K,   0% used [0x0b340000, 0x0b340000, 0x0c000000)
  to   space 13056K,   0% used [0x0a680000, 0x0a680000, 0x0b340000)
 concurrent mark-sweep generation total 917504K, used 76941K [0x0c000000, 0x44000000, 0x44000000)
 Metaspace       used 22253K, capacity 22461K, committed 22656K, reserved 22912K
Event: 21.162 GC heap after
Heap after GC invocations=32 (full 11):
 par new generation   total 118016K, used 11842K [0x04000000, 0x0c000000, 0x0c000000)
  eden space 104960K,   0% used [0x04000000, 0x04000000, 0x0a680000)
  from space 13056K,  90% used [0x0a680000, 0x0b210bb0, 0x0b340000)
  to   space 13056K,   0% used [0x0b340000, 0x0b340000, 0x0c000000)
 concurrent mark-sweep generation total 917504K, used 76941K [0x0c000000, 0x44000000, 0x44000000)
 Metaspace       used 22253K, capacity 22461K, committed 22656K, reserved 22912K
}
Event: 22.757 GC heap before
{Heap before GC invocations=32 (full 12):
 par new generation   total 118016K, used 116802K [0x04000000, 0x0c000000, 0x0c000000)
  eden space 104960K, 100% used [0x04000000, 0x0a680000, 0x0a680000)
  from space 13056K,  90% used [0x0a680000, 0x0b210bb0, 0x0b340000)
  to   space 13056K,   0% used [0x0b340000, 0x0b340000, 0x0c000000)
 concurrent mark-sweep generation total 917504K, used 76941K [0x0c000000, 0x44000000, 0x44000000)
 Metaspace       used 22776K, capacity 23010K, committed 23168K, reserved 23936K
Event: 22.767 GC heap after
Heap after GC invocations=33 (full 12):
 par new generation   total 118016K, used 6807K [0x04000000, 0x0c000000, 0x0c000000)
  eden space 104960K,   0% used [0x04000000, 0x04000000, 0x0a680000)
  from space 13056K,  52% used [0x0b340000, 0x0b9e5ef8, 0x0c000000)
  to   space 13056K,   0% used [0x0a680000, 0x0a680000, 0x0b340000)
 concurrent mark-sweep generation total 917504K, used 76941K [0x0c000000, 0x44000000, 0x44000000)
 Metaspace       used 22776K, capacity 23010K, committed 23168K, reserved 23936K
}
Event: 25.607 GC heap before
{Heap before GC invocations=33 (full 12):
 par new generation   total 118016K, used 111767K [0x04000000, 0x0c000000, 0x0c000000)
  eden space 104960K, 100% used [0x04000000, 0x0a680000, 0x0a680000)
  from space 13056K,  52% used [0x0b340000, 0x0b9e5ef8, 0x0c000000)
  to   space 13056K,   0% used [0x0a680000, 0x0a680000, 0x0b340000)
 concurrent mark-sweep generation total 917504K, used 76941K [0x0c000000, 0x44000000, 0x44000000)
 Metaspace       used 22782K, capacity 23010K, committed 23168K, reserved 23936K
Event: 25.618 GC heap after
Heap after GC invocations=34 (full 12):
 par new generation   total 118016K, used 10081K [0x04000000, 0x0c000000, 0x0c000000)
  eden space 104960K,   0% used [0x04000000, 0x04000000, 0x0a680000)
  from space 13056K,  77% used [0x0a680000, 0x0b058748, 0x0b340000)
  to   space 13056K,   0% used [0x0b340000, 0x0b340000, 0x0c000000)
 concurrent mark-sweep generation total 917504K, used 76941K [0x0c000000, 0x44000000, 0x44000000)
 Metaspace       used 22782K, capacity 23010K, committed 23168K, reserved 23936K
}
Event: 26.208 GC heap before
{Heap before GC invocations=34 (full 12):
 par new generation   total 118016K, used 101106K [0x04000000, 0x0c000000, 0x0c000000)
  eden space 104960K,  86% used [0x04000000, 0x098e4180, 0x0a680000)
  from space 13056K,  77% used [0x0a680000, 0x0b058748, 0x0b340000)
  to   space 13056K,   0% used [0x0b340000, 0x0b340000, 0x0c000000)
 concurrent mark-sweep generation total 917504K, used 76941K [0x0c000000, 0x44000000, 0x44000000)
 Metaspace       used 23368K, capacity 23586K, committed 23808K, reserved 23936K
Event: 26.219 GC heap after
Heap after GC invocations=35 (full 12):
 par new generation   total 118016K, used 10562K [0x04000000, 0x0c000000, 0x0c000000)
  eden space 104960K,   0% used [0x04000000, 0x04000000, 0x0a680000)
  from space 13056K,  80% used [0x0b340000, 0x0bd908a8, 0x0c000000)
  to   space 13056K,   0% used [0x0a680000, 0x0a680000, 0x0b340000)
 concurrent mark-sweep generation total 917504K, used 78763K [0x0c000000, 0x44000000, 0x44000000)
 Metaspace       used 23368K, capacity 23586K, committed 23808K, reserved 23936K
}

