# JRE version: Java(TM) SE Runtime Environment (8.0_77-b03) (build 1.8.0_77-b03)
# Java VM: Java HotSpot(TM) Client VM (25.77-b03 mixed mode windows-x86 )
Heap:
 par new generation   total 118016K, used 27206K [0x03c00000, 0x0bc00000, 0x0bc00000)
  eden space 104960K,  19% used [0x03c00000, 0x04fcb668, 0x0a280000)
  from space 13056K,  53% used [0x0af40000, 0x0b6062d0, 0x0bc00000)
  to   space 13056K,   0% used [0x0a280000, 0x0a280000, 0x0af40000)
 concurrent mark-sweep generation total 917504K, used 84075K [0x0bc00000, 0x43c00000, 0x43c00000)
 Metaspace       used 23018K, capacity 23219K, committed 23296K, reserved 23936K
GC Heap History (10 events):
Event: 110.659 GC heap before
{Heap before GC invocations=34 (full 9):
 par new generation   total 118016K, used 115446K [0x03c00000, 0x0bc00000, 0x0bc00000)
  eden space 104960K, 100% used [0x03c00000, 0x0a280000, 0x0a280000)
  from space 13056K,  80% used [0x0a280000, 0x0acbdb38, 0x0af40000)
  to   space 13056K,   0% used [0x0af40000, 0x0af40000, 0x0bc00000)
 concurrent mark-sweep generation total 917504K, used 80479K [0x0bc00000, 0x43c00000, 0x43c00000)
 Metaspace       used 22380K, capacity 22577K, committed 22656K, reserved 22912K
Event: 110.671 GC heap after
Heap after GC invocations=35 (full 9):
 par new generation   total 118016K, used 4866K [0x03c00000, 0x0bc00000, 0x0bc00000)
  eden space 104960K,   0% used [0x03c00000, 0x03c00000, 0x0a280000)
  from space 13056K,  37% used [0x0af40000, 0x0b400900, 0x0bc00000)
  to   space 13056K,   0% used [0x0a280000, 0x0a280000, 0x0af40000)
 concurrent mark-sweep generation total 917504K, used 80479K [0x0bc00000, 0x43c00000, 0x43c00000)
 Metaspace       used 22380K, capacity 22577K, committed 22656K, reserved 22912K
}
Event: 111.431 GC heap before
{Heap before GC invocations=35 (full 9):
 par new generation   total 118016K, used 109826K [0x03c00000, 0x0bc00000, 0x0bc00000)
  eden space 104960K, 100% used [0x03c00000, 0x0a280000, 0x0a280000)
  from space 13056K,  37% used [0x0af40000, 0x0b400900, 0x0bc00000)
  to   space 13056K,   0% used [0x0a280000, 0x0a280000, 0x0af40000)
 concurrent mark-sweep generation total 917504K, used 80479K [0x0bc00000, 0x43c00000, 0x43c00000)
 Metaspace       used 22869K, capacity 23059K, committed 23168K, reserved 23936K
Event: 111.441 GC heap after
Heap after GC invocations=36 (full 9):
 par new generation   total 118016K, used 8978K [0x03c00000, 0x0bc00000, 0x0bc00000)
  eden space 104960K,   0% used [0x03c00000, 0x03c00000, 0x0a280000)
  from space 13056K,  68% used [0x0a280000, 0x0ab448e0, 0x0af40000)
  to   space 13056K,   0% used [0x0af40000, 0x0af40000, 0x0bc00000)
 concurrent mark-sweep generation total 917504K, used 80479K [0x0bc00000, 0x43c00000, 0x43c00000)
 Metaspace       used 22869K, capacity 23059K, committed 23168K, reserved 23936K
}
Event: 113.993 GC heap before
{Heap before GC invocations=36 (full 9):
 par new generation   total 118016K, used 113938K [0x03c00000, 0x0bc00000, 0x0bc00000)
  eden space 104960K, 100% used [0x03c00000, 0x0a280000, 0x0a280000)
  from space 13056K,  68% used [0x0a280000, 0x0ab448e0, 0x0af40000)
  to   space 13056K,   0% used [0x0af40000, 0x0af40000, 0x0bc00000)
 concurrent mark-sweep generation total 917504K, used 80479K [0x0bc00000, 0x43c00000, 0x43c00000)
 Metaspace       used 22990K, capacity 23219K, committed 23296K, reserved 23936K
Event: 114.007 GC heap after
Heap after GC invocations=37 (full 9):
 par new generation   total 118016K, used 8096K [0x03c00000, 0x0bc00000, 0x0bc00000)
  eden space 104960K,   0% used [0x03c00000, 0x03c00000, 0x0a280000)
  from space 13056K,  62% used [0x0af40000, 0x0b728040, 0x0bc00000)
  to   space 13056K,   0% used [0x0a280000, 0x0a280000, 0x0af40000)
 concurrent mark-sweep generation total 917504K, used 81900K [0x0bc00000, 0x43c00000, 0x43c00000)
 Metaspace       used 22990K, capacity 23219K, committed 23296K, reserved 23936K
}
Event: 116.697 GC heap before
{Heap before GC invocations=37 (full 9):
 par new generation   total 118016K, used 105397K [0x03c00000, 0x0bc00000, 0x0bc00000)
  eden space 104960K,  92% used [0x03c00000, 0x09b05628, 0x0a280000)
  from space 13056K,  62% used [0x0af40000, 0x0b728040, 0x0bc00000)
  to   space 13056K,   0% used [0x0a280000, 0x0a280000, 0x0af40000)
 concurrent mark-sweep generation total 917504K, used 81900K [0x0bc00000, 0x43c00000, 0x43c00000)
 Metaspace       used 23017K, capacity 23219K, committed 23296K, reserved 23936K
Event: 116.706 GC heap after
Heap after GC invocations=38 (full 9):
 par new generation   total 118016K, used 10173K [0x03c00000, 0x0bc00000, 0x0bc00000)
  eden space 104960K,   0% used [0x03c00000, 0x03c00000, 0x0a280000)
  from space 13056K,  77% used [0x0a280000, 0x0ac6f618, 0x0af40000)
  to   space 13056K,   0% used [0x0af40000, 0x0af40000, 0x0bc00000)
 concurrent mark-sweep generation total 917504K, used 84075K [0x0bc00000, 0x43c00000, 0x43c00000)
 Metaspace       used 23017K, capacity 23219K, committed 23296K, reserved 23936K
}
Event: 117.456 GC heap before
{Heap before GC invocations=38 (full 9):
 par new generation   total 118016K, used 105812K [0x03c00000, 0x0bc00000, 0x0bc00000)
  eden space 104960K,  91% used [0x03c00000, 0x09965a80, 0x0a280000)
  from space 13056K,  77% used [0x0a280000, 0x0ac6f618, 0x0af40000)
  to   space 13056K,   0% used [0x0af40000, 0x0af40000, 0x0bc00000)
 concurrent mark-sweep generation total 917504K, used 84075K [0x0bc00000, 0x43c00000, 0x43c00000)
 Metaspace       used 23018K, capacity 23219K, committed 23296K, reserved 23936K
Event: 117.463 GC heap after
Heap after GC invocations=39 (full 9):
 par new generation   total 118016K, used 6936K [0x03c00000, 0x0bc00000, 0x0bc00000)
  eden space 104960K,   0% used [0x03c00000, 0x03c00000, 0x0a280000)
  from space 13056K,  53% used [0x0af40000, 0x0b6062d0, 0x0bc00000)
  to   space 13056K,   0% used [0x0a280000, 0x0a280000, 0x0af40000)
 concurrent mark-sweep generation total 917504K, used 84075K [0x0bc00000, 0x43c00000, 0x43c00000)
 Metaspace       used 23018K, capacity 23219K, committed 23296K, reserved 23936K
}

