# JRE version: Java(TM) SE Runtime Environment (8.0_77-b03) (build 1.8.0_77-b03)
# Java VM: Java HotSpot(TM) Client VM (25.77-b03 mixed mode windows-x86 )
Heap:
 par new generation   total 118016K, used 60081K [0x03c00000, 0x0bc00000, 0x0bc00000)
  eden space 104960K,  48% used [0x03c00000, 0x06e06d80, 0x0a280000)
  from space 13056K,  67% used [0x0af40000, 0x0b7e5a20, 0x0bc00000)
  to   space 13056K,   0% used [0x0a280000, 0x0a280000, 0x0af40000)
 concurrent mark-sweep generation total 917504K, used 84833K [0x0bc00000, 0x43c00000, 0x43c00000)
 Metaspace       used 22806K, capacity 23027K, committed 23168K, reserved 23936K
GC Heap History (10 events):
Event: 45.227 GC heap before
{Heap before GC invocations=34 (full 13):
 par new generation   total 118016K, used 93831K [0x03c00000, 0x0bc00000, 0x0bc00000)
  eden space 104960K,  76% used [0x03c00000, 0x08ae1f10, 0x0a280000)
  from space 13056K, 100% used [0x0af40000, 0x0bc00000, 0x0bc00000)
  to   space 13056K,   0% used [0x0a280000, 0x0a280000, 0x0af40000)
 concurrent mark-sweep generation total 917504K, used 66816K [0x0bc00000, 0x43c00000, 0x43c00000)
 Metaspace       used 21320K, capacity 21527K, committed 21632K, reserved 21888K
Event: 45.391 GC heap after
Heap after GC invocations=35 (full 14):
 par new generation   total 118016K, used 0K [0x03c00000, 0x0bc00000, 0x0bc00000)
  eden space 104960K,   0% used [0x03c00000, 0x03c00000, 0x0a280000)
  from space 13056K,   0% used [0x0af40000, 0x0af40000, 0x0bc00000)
  to   space 13056K,   0% used [0x0a280000, 0x0a280000, 0x0af40000)
 concurrent mark-sweep generation total 917504K, used 84833K [0x0bc00000, 0x43c00000, 0x43c00000)
 Metaspace       used 21320K, capacity 21527K, committed 21632K, reserved 21888K
}
Event: 45.574 GC heap before
{Heap before GC invocations=35 (full 14):
 par new generation   total 118016K, used 93534K [0x03c00000, 0x0bc00000, 0x0bc00000)
  eden space 104960K,  89% used [0x03c00000, 0x09757888, 0x0a280000)
  from space 13056K,   0% used [0x0af40000, 0x0af40000, 0x0bc00000)
  to   space 13056K,   0% used [0x0a280000, 0x0a280000, 0x0af40000)
 concurrent mark-sweep generation total 917504K, used 84833K [0x0bc00000, 0x43c00000, 0x43c00000)
 Metaspace       used 21816K, capacity 22059K, committed 22272K, reserved 22912K
Event: 45.579 GC heap after
Heap after GC invocations=36 (full 14):
 par new generation   total 118016K, used 10525K [0x03c00000, 0x0bc00000, 0x0bc00000)
  eden space 104960K,   0% used [0x03c00000, 0x03c00000, 0x0a280000)
  from space 13056K,  80% used [0x0a280000, 0x0acc7470, 0x0af40000)
  to   space 13056K,   0% used [0x0af40000, 0x0af40000, 0x0bc00000)
 concurrent mark-sweep generation total 917504K, used 84833K [0x0bc00000, 0x43c00000, 0x43c00000)
 Metaspace       used 21816K, capacity 22059K, committed 22272K, reserved 22912K
}
Event: 47.272 GC heap before
{Heap before GC invocations=36 (full 15):
 par new generation   total 118016K, used 115485K [0x03c00000, 0x0bc00000, 0x0bc00000)
  eden space 104960K, 100% used [0x03c00000, 0x0a280000, 0x0a280000)
  from space 13056K,  80% used [0x0a280000, 0x0acc7470, 0x0af40000)
  to   space 13056K,   0% used [0x0af40000, 0x0af40000, 0x0bc00000)
 concurrent mark-sweep generation total 917504K, used 84833K [0x0bc00000, 0x43c00000, 0x43c00000)
 Metaspace       used 22730K, capacity 22963K, committed 23168K, reserved 23936K
Event: 47.279 GC heap after
Heap after GC invocations=37 (full 15):
 par new generation   total 118016K, used 9055K [0x03c00000, 0x0bc00000, 0x0bc00000)
  eden space 104960K,   0% used [0x03c00000, 0x03c00000, 0x0a280000)
  from space 13056K,  69% used [0x0af40000, 0x0b817fc0, 0x0bc00000)
  to   space 13056K,   0% used [0x0a280000, 0x0a280000, 0x0af40000)
 concurrent mark-sweep generation total 917504K, used 84833K [0x0bc00000, 0x43c00000, 0x43c00000)
 Metaspace       used 22730K, capacity 22963K, committed 23168K, reserved 23936K
}
Event: 47.986 GC heap before
{Heap before GC invocations=37 (full 15):
 par new generation   total 118016K, used 103644K [0x03c00000, 0x0bc00000, 0x0bc00000)
  eden space 104960K,  90% used [0x03c00000, 0x0985f0a8, 0x0a280000)
  from space 13056K,  69% used [0x0af40000, 0x0b817fc0, 0x0bc00000)
  to   space 13056K,   0% used [0x0a280000, 0x0a280000, 0x0af40000)
 concurrent mark-sweep generation total 917504K, used 84833K [0x0bc00000, 0x43c00000, 0x43c00000)
 Metaspace       used 22799K, capacity 23027K, committed 23168K, reserved 23936K
Event: 47.994 GC heap after
Heap after GC invocations=38 (full 15):
 par new generation   total 118016K, used 7090K [0x03c00000, 0x0bc00000, 0x0bc00000)
  eden space 104960K,   0% used [0x03c00000, 0x03c00000, 0x0a280000)
  from space 13056K,  54% used [0x0a280000, 0x0a96cb58, 0x0af40000)
  to   space 13056K,   0% used [0x0af40000, 0x0af40000, 0x0bc00000)
 concurrent mark-sweep generation total 917504K, used 84833K [0x0bc00000, 0x43c00000, 0x43c00000)
 Metaspace       used 22799K, capacity 23027K, committed 23168K, reserved 23936K
}
Event: 48.199 GC heap before
{Heap before GC invocations=38 (full 15):
 par new generation   total 118016K, used 96271K [0x03c00000, 0x0bc00000, 0x0bc00000)
  eden space 104960K,  84% used [0x03c00000, 0x09317458, 0x0a280000)
  from space 13056K,  54% used [0x0a280000, 0x0a96cb58, 0x0af40000)
  to   space 13056K,   0% used [0x0af40000, 0x0af40000, 0x0bc00000)
 concurrent mark-sweep generation total 917504K, used 84833K [0x0bc00000, 0x43c00000, 0x43c00000)
 Metaspace       used 22806K, capacity 23027K, committed 23168K, reserved 23936K
Event: 48.207 GC heap after
Heap after GC invocations=39 (full 15):
 par new generation   total 118016K, used 8854K [0x03c00000, 0x0bc00000, 0x0bc00000)
  eden space 104960K,   0% used [0x03c00000, 0x03c00000, 0x0a280000)
  from space 13056K,  67% used [0x0af40000, 0x0b7e5a20, 0x0bc00000)
  to   space 13056K,   0% used [0x0a280000, 0x0a280000, 0x0af40000)
 concurrent mark-sweep generation total 917504K, used 84833K [0x0bc00000, 0x43c00000, 0x43c00000)
 Metaspace       used 22806K, capacity 23027K, committed 23168K, reserved 23936K
}

