# JRE version: Java(TM) SE Runtime Environment (8.0_77-b03) (build 1.8.0_77-b03)
# Java VM: Java HotSpot(TM) Client VM (25.77-b03 mixed mode windows-x86 )
Heap:
 par new generation   total 118016K, used 65494K [0x03c00000, 0x0bc00000, 0x0bc00000)
  eden space 104960K,  53% used [0x03c00000, 0x072e2ad8, 0x0a280000)
  from space 13056K,  71% used [0x0af40000, 0x0b852db8, 0x0bc00000)
  to   space 13056K,   0% used [0x0a280000, 0x0a280000, 0x0af40000)
 concurrent mark-sweep generation total 917504K, used 84682K [0x0bc00000, 0x43c00000, 0x43c00000)
 Metaspace       used 22778K, capacity 22995K, committed 23168K, reserved 23936K
GC Heap History (10 events):
Event: 30.758 GC heap before
{Heap before GC invocations=30 (full 10):
 par new generation   total 118016K, used 49821K [0x03c00000, 0x0bc00000, 0x0bc00000)
  eden space 104960K,  35% used [0x03c00000, 0x05fe7798, 0x0a280000)
  from space 13056K, 100% used [0x0af40000, 0x0bc00000, 0x0bc00000)
  to   space 13056K,   0% used [0x0a280000, 0x0a280000, 0x0af40000)
 concurrent mark-sweep generation total 917504K, used 71647K [0x0bc00000, 0x43c00000, 0x43c00000)
 Metaspace       used 21271K, capacity 21495K, committed 21632K, reserved 21888K
Event: 30.933 GC heap after
Heap after GC invocations=31 (full 11):
 par new generation   total 118016K, used 0K [0x03c00000, 0x0bc00000, 0x0bc00000)
  eden space 104960K,   0% used [0x03c00000, 0x03c00000, 0x0a280000)
  from space 13056K,   0% used [0x0af40000, 0x0af40000, 0x0bc00000)
  to   space 13056K,   0% used [0x0a280000, 0x0a280000, 0x0af40000)
 concurrent mark-sweep generation total 917504K, used 83556K [0x0bc00000, 0x43c00000, 0x43c00000)
 Metaspace       used 21271K, capacity 21495K, committed 21632K, reserved 21888K
}
Event: 31.118 GC heap before
{Heap before GC invocations=31 (full 11):
 par new generation   total 118016K, used 101771K [0x03c00000, 0x0bc00000, 0x0bc00000)
  eden space 104960K,  96% used [0x03c00000, 0x09f62fe0, 0x0a280000)
  from space 13056K,   0% used [0x0af40000, 0x0af40000, 0x0bc00000)
  to   space 13056K,   0% used [0x0a280000, 0x0a280000, 0x0af40000)
 concurrent mark-sweep generation total 917504K, used 83556K [0x0bc00000, 0x43c00000, 0x43c00000)
 Metaspace       used 22071K, capacity 22288K, committed 22400K, reserved 22912K
Event: 31.125 GC heap after
Heap after GC invocations=32 (full 11):
 par new generation   total 118016K, used 11187K [0x03c00000, 0x0bc00000, 0x0bc00000)
  eden space 104960K,   0% used [0x03c00000, 0x03c00000, 0x0a280000)
  from space 13056K,  85% used [0x0a280000, 0x0ad6cc18, 0x0af40000)
  to   space 13056K,   0% used [0x0af40000, 0x0af40000, 0x0bc00000)
 concurrent mark-sweep generation total 917504K, used 83556K [0x0bc00000, 0x43c00000, 0x43c00000)
 Metaspace       used 22071K, capacity 22288K, committed 22400K, reserved 22912K
}
Event: 32.905 GC heap before
{Heap before GC invocations=32 (full 12):
 par new generation   total 118016K, used 116147K [0x03c00000, 0x0bc00000, 0x0bc00000)
  eden space 104960K, 100% used [0x03c00000, 0x0a280000, 0x0a280000)
  from space 13056K,  85% used [0x0a280000, 0x0ad6cc18, 0x0af40000)
  to   space 13056K,   0% used [0x0af40000, 0x0af40000, 0x0bc00000)
 concurrent mark-sweep generation total 917504K, used 83556K [0x0bc00000, 0x43c00000, 0x43c00000)
 Metaspace       used 22690K, capacity 22899K, committed 23040K, reserved 23936K
Event: 32.915 GC heap after
Heap after GC invocations=33 (full 12):
 par new generation   total 118016K, used 7299K [0x03c00000, 0x0bc00000, 0x0bc00000)
  eden space 104960K,   0% used [0x03c00000, 0x03c00000, 0x0a280000)
  from space 13056K,  55% used [0x0af40000, 0x0b660fb8, 0x0bc00000)
  to   space 13056K,   0% used [0x0a280000, 0x0a280000, 0x0af40000)
 concurrent mark-sweep generation total 917504K, used 83556K [0x0bc00000, 0x43c00000, 0x43c00000)
 Metaspace       used 22690K, capacity 22899K, committed 23040K, reserved 23936K
}
Event: 34.559 GC heap before
{Heap before GC invocations=33 (full 12):
 par new generation   total 118016K, used 97754K [0x03c00000, 0x0bc00000, 0x0bc00000)
  eden space 104960K,  86% used [0x03c00000, 0x09455ab8, 0x0a280000)
  from space 13056K,  55% used [0x0af40000, 0x0b660fb8, 0x0bc00000)
  to   space 13056K,   0% used [0x0a280000, 0x0a280000, 0x0af40000)
 concurrent mark-sweep generation total 917504K, used 83556K [0x0bc00000, 0x43c00000, 0x43c00000)
 Metaspace       used 22770K, capacity 22995K, committed 23168K, reserved 23936K
Event: 34.567 GC heap after
Heap after GC invocations=34 (full 12):
 par new generation   total 118016K, used 9710K [0x03c00000, 0x0bc00000, 0x0bc00000)
  eden space 104960K,   0% used [0x03c00000, 0x03c00000, 0x0a280000)
  from space 13056K,  74% used [0x0a280000, 0x0abfbba8, 0x0af40000)
  to   space 13056K,   0% used [0x0af40000, 0x0af40000, 0x0bc00000)
 concurrent mark-sweep generation total 917504K, used 83556K [0x0bc00000, 0x43c00000, 0x43c00000)
 Metaspace       used 22770K, capacity 22995K, committed 23168K, reserved 23936K
}
Event: 34.638 GC heap before
{Heap before GC invocations=34 (full 12):
 par new generation   total 118016K, used 112364K [0x03c00000, 0x0bc00000, 0x0bc00000)
  eden space 104960K,  97% used [0x03c00000, 0x0a03f558, 0x0a280000)
  from space 13056K,  74% used [0x0a280000, 0x0abfbba8, 0x0af40000)
  to   space 13056K,   0% used [0x0af40000, 0x0af40000, 0x0bc00000)
 concurrent mark-sweep generation total 917504K, used 83556K [0x0bc00000, 0x43c00000, 0x43c00000)
 Metaspace       used 22778K, capacity 22995K, committed 23168K, reserved 23936K
Event: 34.647 GC heap after
Heap after GC invocations=35 (full 12):
 par new generation   total 118016K, used 9291K [0x03c00000, 0x0bc00000, 0x0bc00000)
  eden space 104960K,   0% used [0x03c00000, 0x03c00000, 0x0a280000)
  from space 13056K,  71% used [0x0af40000, 0x0b852db8, 0x0bc00000)
  to   space 13056K,   0% used [0x0a280000, 0x0a280000, 0x0af40000)
 concurrent mark-sweep generation total 917504K, used 85416K [0x0bc00000, 0x43c00000, 0x43c00000)
 Metaspace       used 22778K, capacity 22995K, committed 23168K, reserved 23936K
}

