# JRE version: Java(TM) SE Runtime Environment (8.0_91-b14) (build 1.8.0_91-b14)
# Java VM: Java HotSpot(TM) Client VM (25.91-b14 mixed mode windows-x86 )
Heap:
 par new generation   total 118016K, used 57668K [0x04000000, 0x0c000000, 0x0c000000)
  eden space 104960K,  42% used [0x04000000, 0x06b910c8, 0x0a680000)
  from space 13056K, 100% used [0x0a680000, 0x0b340000, 0x0b340000)
  to   space 13056K,   0% used [0x0b340000, 0x0b340000, 0x0c000000)
 concurrent mark-sweep generation total 917504K, used 143692K [0x0c000000, 0x44000000, 0x44000000)
 Metaspace       used 23459K, capacity 23712K, committed 23808K, reserved 23936K
GC Heap History (10 events):
Event: 52.949 GC heap before
{Heap before GC invocations=49 (full 17):
 par new generation   total 118016K, used 117813K [0x04000000, 0x0c000000, 0x0c000000)
  eden space 104960K, 100% used [0x04000000, 0x0a680000, 0x0a680000)
  from space 13056K,  98% used [0x0a680000, 0x0b30d7d8, 0x0b340000)
  to   space 13056K,   0% used [0x0b340000, 0x0b340000, 0x0c000000)
 concurrent mark-sweep generation total 917504K, used 94882K [0x0c000000, 0x44000000, 0x44000000)
 Metaspace       used 23437K, capacity 23677K, committed 23808K, reserved 23936K
Event: 52.971 GC heap after
Heap after GC invocations=50 (full 17):
 par new generation   total 118016K, used 13056K [0x04000000, 0x0c000000, 0x0c000000)
  eden space 104960K,   0% used [0x04000000, 0x04000000, 0x0a680000)
  from space 13056K, 100% used [0x0b340000, 0x0c000000, 0x0c000000)
  to   space 13056K,   0% used [0x0a680000, 0x0a680000, 0x0b340000)
 concurrent mark-sweep generation total 917504K, used 103742K [0x0c000000, 0x44000000, 0x44000000)
 Metaspace       used 23437K, capacity 23677K, committed 23808K, reserved 23936K
}
Event: 54.531 GC heap before
{Heap before GC invocations=50 (full 17):
 par new generation   total 118016K, used 118016K [0x04000000, 0x0c000000, 0x0c000000)
  eden space 104960K, 100% used [0x04000000, 0x0a680000, 0x0a680000)
  from space 13056K, 100% used [0x0b340000, 0x0c000000, 0x0c000000)
  to   space 13056K,   0% used [0x0a680000, 0x0a680000, 0x0b340000)
 concurrent mark-sweep generation total 917504K, used 103742K [0x0c000000, 0x44000000, 0x44000000)
 Metaspace       used 23437K, capacity 23677K, committed 23808K, reserved 23936K
Event: 54.558 GC heap after
Heap after GC invocations=51 (full 17):
 par new generation   total 118016K, used 13056K [0x04000000, 0x0c000000, 0x0c000000)
  eden space 104960K,   0% used [0x04000000, 0x04000000, 0x0a680000)
  from space 13056K, 100% used [0x0a680000, 0x0b340000, 0x0b340000)
  to   space 13056K,   0% used [0x0b340000, 0x0b340000, 0x0c000000)
 concurrent mark-sweep generation total 917504K, used 116395K [0x0c000000, 0x44000000, 0x44000000)
 Metaspace       used 23437K, capacity 23677K, committed 23808K, reserved 23936K
}
Event: 56.176 GC heap before
{Heap before GC invocations=51 (full 17):
 par new generation   total 118016K, used 118016K [0x04000000, 0x0c000000, 0x0c000000)
  eden space 104960K, 100% used [0x04000000, 0x0a680000, 0x0a680000)
  from space 13056K, 100% used [0x0a680000, 0x0b340000, 0x0b340000)
  to   space 13056K,   0% used [0x0b340000, 0x0b340000, 0x0c000000)
 concurrent mark-sweep generation total 917504K, used 116395K [0x0c000000, 0x44000000, 0x44000000)
 Metaspace       used 23437K, capacity 23677K, committed 23808K, reserved 23936K
Event: 56.210 GC heap after
Heap after GC invocations=52 (full 17):
 par new generation   total 118016K, used 13056K [0x04000000, 0x0c000000, 0x0c000000)
  eden space 104960K,   0% used [0x04000000, 0x04000000, 0x0a680000)
  from space 13056K, 100% used [0x0b340000, 0x0c000000, 0x0c000000)
  to   space 13056K,   0% used [0x0a680000, 0x0a680000, 0x0b340000)
 concurrent mark-sweep generation total 917504K, used 131260K [0x0c000000, 0x44000000, 0x44000000)
 Metaspace       used 23437K, capacity 23677K, committed 23808K, reserved 23936K
}
Event: 56.896 GC heap before
{Heap before GC invocations=52 (full 17):
 par new generation   total 118016K, used 42982K [0x04000000, 0x0c000000, 0x0c000000)
  eden space 104960K,  28% used [0x04000000, 0x05d39be0, 0x0a680000)
  from space 13056K, 100% used [0x0b340000, 0x0c000000, 0x0c000000)
  to   space 13056K,   0% used [0x0a680000, 0x0a680000, 0x0b340000)
 concurrent mark-sweep generation total 917504K, used 131260K [0x0c000000, 0x44000000, 0x44000000)
 Metaspace       used 23439K, capacity 23677K, committed 23808K, reserved 23936K
Event: 57.191 GC heap after
Heap after GC invocations=53 (full 18):
 par new generation   total 118016K, used 0K [0x04000000, 0x0c000000, 0x0c000000)
  eden space 104960K,   0% used [0x04000000, 0x04000000, 0x0a680000)
  from space 13056K,   0% used [0x0b340000, 0x0b340000, 0x0c000000)
  to   space 13056K,   0% used [0x0a680000, 0x0a680000, 0x0b340000)
 concurrent mark-sweep generation total 917504K, used 133790K [0x0c000000, 0x44000000, 0x44000000)
 Metaspace       used 23439K, capacity 23677K, committed 23808K, reserved 23936K
}
Event: 61.362 GC heap before
{Heap before GC invocations=53 (full 18):
 par new generation   total 118016K, used 104960K [0x04000000, 0x0c000000, 0x0c000000)
  eden space 104960K, 100% used [0x04000000, 0x0a680000, 0x0a680000)
  from space 13056K,   0% used [0x0b340000, 0x0b340000, 0x0c000000)
  to   space 13056K,   0% used [0x0a680000, 0x0a680000, 0x0b340000)
 concurrent mark-sweep generation total 917504K, used 133790K [0x0c000000, 0x44000000, 0x44000000)
 Metaspace       used 23458K, capacity 23712K, committed 23808K, reserved 23936K
Event: 61.380 GC heap after
Heap after GC invocations=54 (full 18):
 par new generation   total 118016K, used 13056K [0x04000000, 0x0c000000, 0x0c000000)
  eden space 104960K,   0% used [0x04000000, 0x04000000, 0x0a680000)
  from space 13056K, 100% used [0x0a680000, 0x0b340000, 0x0b340000)
  to   space 13056K,   0% used [0x0b340000, 0x0b340000, 0x0c000000)
 concurrent mark-sweep generation total 917504K, used 143692K [0x0c000000, 0x44000000, 0x44000000)
 Metaspace       used 23458K, capacity 23712K, committed 23808K, reserved 23936K
}

