# JRE version: Java(TM) SE Runtime Environment (8.0_91-b14) (build 1.8.0_91-b14)
# Java VM: Java HotSpot(TM) Client VM (25.91-b14 mixed mode windows-x86 )
Heap:
 par new generation   total 118016K, used 73231K [0x04000000, 0x0c000000, 0x0c000000)
  eden space 104960K,  57% used [0x04000000, 0x07ac3d40, 0x0a680000)
  from space 13056K, 100% used [0x0b340000, 0x0c000000, 0x0c000000)
  to   space 13056K,   0% used [0x0a680000, 0x0a680000, 0x0b340000)
 concurrent mark-sweep generation total 917504K, used 128127K [0x0c000000, 0x44000000, 0x44000000)
 Metaspace       used 22669K, capacity 22879K, committed 23040K, reserved 23936K
GC Heap History (10 events):
Event: 31.652 GC heap before
{Heap before GC invocations=34 (full 9):
 par new generation   total 118016K, used 118016K [0x04000000, 0x0c000000, 0x0c000000)
  eden space 104960K, 100% used [0x04000000, 0x0a680000, 0x0a680000)
  from space 13056K, 100% used [0x0b340000, 0x0c000000, 0x0c000000)
  to   space 13056K,   0% used [0x0a680000, 0x0a680000, 0x0b340000)
 concurrent mark-sweep generation total 917504K, used 92827K [0x0c000000, 0x44000000, 0x44000000)
 Metaspace       used 20144K, capacity 20378K, committed 20480K, reserved 20864K
Event: 31.682 GC heap after
Heap after GC invocations=35 (full 9):
 par new generation   total 118016K, used 13056K [0x04000000, 0x0c000000, 0x0c000000)
  eden space 104960K,   0% used [0x04000000, 0x04000000, 0x0a680000)
  from space 13056K, 100% used [0x0a680000, 0x0b340000, 0x0b340000)
  to   space 13056K,   0% used [0x0b340000, 0x0b340000, 0x0c000000)
 concurrent mark-sweep generation total 917504K, used 107068K [0x0c000000, 0x44000000, 0x44000000)
 Metaspace       used 20144K, capacity 20378K, committed 20480K, reserved 20864K
}
Event: 32.668 GC heap before
{Heap before GC invocations=35 (full 9):
 par new generation   total 118016K, used 118016K [0x04000000, 0x0c000000, 0x0c000000)
  eden space 104960K, 100% used [0x04000000, 0x0a680000, 0x0a680000)
  from space 13056K, 100% used [0x0a680000, 0x0b340000, 0x0b340000)
  to   space 13056K,   0% used [0x0b340000, 0x0b340000, 0x0c000000)
 concurrent mark-sweep generation total 917504K, used 107068K [0x0c000000, 0x44000000, 0x44000000)
 Metaspace       used 20803K, capacity 21020K, committed 21120K, reserved 21888K
Event: 32.694 GC heap after
Heap after GC invocations=36 (full 9):
 par new generation   total 118016K, used 13056K [0x04000000, 0x0c000000, 0x0c000000)
  eden space 104960K,   0% used [0x04000000, 0x04000000, 0x0a680000)
  from space 13056K, 100% used [0x0b340000, 0x0c000000, 0x0c000000)
  to   space 13056K,   0% used [0x0a680000, 0x0a680000, 0x0b340000)
 concurrent mark-sweep generation total 917504K, used 120011K [0x0c000000, 0x44000000, 0x44000000)
 Metaspace       used 20803K, capacity 21020K, committed 21120K, reserved 21888K
}
Event: 32.896 GC heap before
{Heap before GC invocations=36 (full 9):
 par new generation   total 118016K, used 58243K [0x04000000, 0x0c000000, 0x0c000000)
  eden space 104960K,  43% used [0x04000000, 0x06c20e10, 0x0a680000)
  from space 13056K, 100% used [0x0b340000, 0x0c000000, 0x0c000000)
  to   space 13056K,   0% used [0x0a680000, 0x0a680000, 0x0b340000)
 concurrent mark-sweep generation total 917504K, used 120011K [0x0c000000, 0x44000000, 0x44000000)
 Metaspace       used 21303K, capacity 21503K, committed 21632K, reserved 21888K
Event: 33.112 GC heap after
Heap after GC invocations=37 (full 10):
 par new generation   total 118016K, used 0K [0x04000000, 0x0c000000, 0x0c000000)
  eden space 104960K,   0% used [0x04000000, 0x04000000, 0x0a680000)
  from space 13056K,   0% used [0x0b340000, 0x0b340000, 0x0c000000)
  to   space 13056K,   0% used [0x0a680000, 0x0a680000, 0x0b340000)
 concurrent mark-sweep generation total 917504K, used 125202K [0x0c000000, 0x44000000, 0x44000000)
 Metaspace       used 21303K, capacity 21503K, committed 21632K, reserved 21888K
}
Event: 33.233 GC heap before
{Heap before GC invocations=37 (full 10):
 par new generation   total 118016K, used 98333K [0x04000000, 0x0c000000, 0x0c000000)
  eden space 104960K,  93% used [0x04000000, 0x0a0077d0, 0x0a680000)
  from space 13056K,   0% used [0x0b340000, 0x0b340000, 0x0c000000)
  to   space 13056K,   0% used [0x0a680000, 0x0a680000, 0x0b340000)
 concurrent mark-sweep generation total 917504K, used 125202K [0x0c000000, 0x44000000, 0x44000000)
 Metaspace       used 21729K, capacity 21971K, committed 22144K, reserved 22912K
Event: 33.238 GC heap after
Heap after GC invocations=38 (full 10):
 par new generation   total 118016K, used 9155K [0x04000000, 0x0c000000, 0x0c000000)
  eden space 104960K,   0% used [0x04000000, 0x04000000, 0x0a680000)
  from space 13056K,  70% used [0x0a680000, 0x0af70ee0, 0x0b340000)
  to   space 13056K,   0% used [0x0b340000, 0x0b340000, 0x0c000000)
 concurrent mark-sweep generation total 917504K, used 125202K [0x0c000000, 0x44000000, 0x44000000)
 Metaspace       used 21729K, capacity 21971K, committed 22144K, reserved 22912K
}
Event: 34.706 GC heap before
{Heap before GC invocations=38 (full 11):
 par new generation   total 118016K, used 114115K [0x04000000, 0x0c000000, 0x0c000000)
  eden space 104960K, 100% used [0x04000000, 0x0a680000, 0x0a680000)
  from space 13056K,  70% used [0x0a680000, 0x0af70ee0, 0x0b340000)
  to   space 13056K,   0% used [0x0b340000, 0x0b340000, 0x0c000000)
 concurrent mark-sweep generation total 917504K, used 125202K [0x0c000000, 0x44000000, 0x44000000)
 Metaspace       used 22387K, capacity 22589K, committed 22784K, reserved 22912K
Event: 34.722 GC heap after
Heap after GC invocations=39 (full 11):
 par new generation   total 118016K, used 13056K [0x04000000, 0x0c000000, 0x0c000000)
  eden space 104960K,   0% used [0x04000000, 0x04000000, 0x0a680000)
  from space 13056K, 100% used [0x0b340000, 0x0c000000, 0x0c000000)
  to   space 13056K,   0% used [0x0a680000, 0x0a680000, 0x0b340000)
 concurrent mark-sweep generation total 917504K, used 128127K [0x0c000000, 0x44000000, 0x44000000)
 Metaspace       used 22387K, capacity 22589K, committed 22784K, reserved 22912K
}

