# JRE version: Java(TM) SE Runtime Environment (8.0_77-b03) (build 1.8.0_77-b03)
# Java VM: Java HotSpot(TM) Client VM (25.77-b03 mixed mode windows-x86 )
Heap:
 par new generation   total 118016K, used 85919K [0x03c00000, 0x0bc00000, 0x0bc00000)
  eden space 104960K,  73% used [0x03c00000, 0x087441d8, 0x0a280000)
  from space 13056K,  67% used [0x0a280000, 0x0ab23c18, 0x0af40000)
  to   space 13056K,   0% used [0x0af40000, 0x0af40000, 0x0bc00000)
 concurrent mark-sweep generation total 917504K, used 87026K [0x0bc00000, 0x43c00000, 0x43c00000)
 Metaspace       used 22999K, capacity 23187K, committed 23296K, reserved 23936K
GC Heap History (10 events):
Event: 34.947 GC heap before
{Heap before GC invocations=35 (full 11):
 par new generation   total 118016K, used 217K [0x03c00000, 0x0bc00000, 0x0bc00000)
  eden space 104960K,   0% used [0x03c00000, 0x03c36620, 0x0a280000)
  from space 13056K,   0% used [0x0af40000, 0x0af40000, 0x0bc00000)
  to   space 13056K,   0% used [0x0a280000, 0x0a280000, 0x0af40000)
 concurrent mark-sweep generation total 917504K, used 64066K [0x0bc00000, 0x43c00000, 0x43c00000)
 Metaspace       used 19999K, capacity 20181K, committed 20352K, reserved 20864K
Event: 35.039 GC heap after
Heap after GC invocations=36 (full 12):
 par new generation   total 118016K, used 0K [0x03c00000, 0x0bc00000, 0x0bc00000)
  eden space 104960K,   0% used [0x03c00000, 0x03c00000, 0x0a280000)
  from space 13056K,   0% used [0x0af40000, 0x0af40000, 0x0bc00000)
  to   space 13056K,   0% used [0x0a280000, 0x0a280000, 0x0af40000)
 concurrent mark-sweep generation total 917504K, used 64057K [0x0bc00000, 0x43c00000, 0x43c00000)
 Metaspace       used 19999K, capacity 20181K, committed 20352K, reserved 20864K
}
Event: 36.306 GC heap before
{Heap before GC invocations=36 (full 13):
 par new generation   total 118016K, used 104960K [0x03c00000, 0x0bc00000, 0x0bc00000)
  eden space 104960K, 100% used [0x03c00000, 0x0a280000, 0x0a280000)
  from space 13056K,   0% used [0x0af40000, 0x0af40000, 0x0bc00000)
  to   space 13056K,   0% used [0x0a280000, 0x0a280000, 0x0af40000)
 concurrent mark-sweep generation total 917504K, used 64057K [0x0bc00000, 0x43c00000, 0x43c00000)
 Metaspace       used 20755K, capacity 20949K, committed 21120K, reserved 21888K
Event: 36.318 GC heap after
Heap after GC invocations=37 (full 13):
 par new generation   total 118016K, used 13056K [0x03c00000, 0x0bc00000, 0x0bc00000)
  eden space 104960K,   0% used [0x03c00000, 0x03c00000, 0x0a280000)
  from space 13056K, 100% used [0x0a280000, 0x0af40000, 0x0af40000)
  to   space 13056K,   0% used [0x0af40000, 0x0af40000, 0x0bc00000)
 concurrent mark-sweep generation total 917504K, used 69009K [0x0bc00000, 0x43c00000, 0x43c00000)
 Metaspace       used 20755K, capacity 20949K, committed 21120K, reserved 21888K
}
Event: 37.145 GC heap before
{Heap before GC invocations=37 (full 13):
 par new generation   total 118016K, used 97583K [0x03c00000, 0x0bc00000, 0x0bc00000)
  eden space 104960K,  80% used [0x03c00000, 0x08e8bdf0, 0x0a280000)
  from space 13056K, 100% used [0x0a280000, 0x0af40000, 0x0af40000)
  to   space 13056K,   0% used [0x0af40000, 0x0af40000, 0x0bc00000)
 concurrent mark-sweep generation total 917504K, used 69009K [0x0bc00000, 0x43c00000, 0x43c00000)
 Metaspace       used 21538K, capacity 21751K, committed 21888K, reserved 21888K
Event: 37.294 GC heap after
Heap after GC invocations=38 (full 14):
 par new generation   total 118016K, used 0K [0x03c00000, 0x0bc00000, 0x0bc00000)
  eden space 104960K,   0% used [0x03c00000, 0x03c00000, 0x0a280000)
  from space 13056K,   0% used [0x0a280000, 0x0a280000, 0x0af40000)
  to   space 13056K,   0% used [0x0af40000, 0x0af40000, 0x0bc00000)
 concurrent mark-sweep generation total 917504K, used 87026K [0x0bc00000, 0x43c00000, 0x43c00000)
 Metaspace       used 21538K, capacity 21751K, committed 21888K, reserved 21888K
}
Event: 37.429 GC heap before
{Heap before GC invocations=38 (full 14):
 par new generation   total 118016K, used 88770K [0x03c00000, 0x0bc00000, 0x0bc00000)
  eden space 104960K,  84% used [0x03c00000, 0x092b0838, 0x0a280000)
  from space 13056K,   0% used [0x0a280000, 0x0a280000, 0x0af40000)
  to   space 13056K,   0% used [0x0af40000, 0x0af40000, 0x0bc00000)
 concurrent mark-sweep generation total 917504K, used 87026K [0x0bc00000, 0x43c00000, 0x43c00000)
 Metaspace       used 21982K, capacity 22187K, committed 22272K, reserved 22912K
Event: 37.435 GC heap after
Heap after GC invocations=39 (full 14):
 par new generation   total 118016K, used 10827K [0x03c00000, 0x0bc00000, 0x0bc00000)
  eden space 104960K,   0% used [0x03c00000, 0x03c00000, 0x0a280000)
  from space 13056K,  82% used [0x0af40000, 0x0b9d2f58, 0x0bc00000)
  to   space 13056K,   0% used [0x0a280000, 0x0a280000, 0x0af40000)
 concurrent mark-sweep generation total 917504K, used 87026K [0x0bc00000, 0x43c00000, 0x43c00000)
 Metaspace       used 21982K, capacity 22187K, committed 22272K, reserved 22912K
}
Event: 39.036 GC heap before
{Heap before GC invocations=39 (full 15):
 par new generation   total 118016K, used 115787K [0x03c00000, 0x0bc00000, 0x0bc00000)
  eden space 104960K, 100% used [0x03c00000, 0x0a280000, 0x0a280000)
  from space 13056K,  82% used [0x0af40000, 0x0b9d2f58, 0x0bc00000)
  to   space 13056K,   0% used [0x0a280000, 0x0a280000, 0x0af40000)
 concurrent mark-sweep generation total 917504K, used 87026K [0x0bc00000, 0x43c00000, 0x43c00000)
 Metaspace       used 22926K, capacity 23123K, committed 23296K, reserved 23936K
Event: 39.045 GC heap after
Heap after GC invocations=40 (full 15):
 par new generation   total 118016K, used 8847K [0x03c00000, 0x0bc00000, 0x0bc00000)
  eden space 104960K,   0% used [0x03c00000, 0x03c00000, 0x0a280000)
  from space 13056K,  67% used [0x0a280000, 0x0ab23c18, 0x0af40000)
  to   space 13056K,   0% used [0x0af40000, 0x0af40000, 0x0bc00000)
 concurrent mark-sweep generation total 917504K, used 87026K [0x0bc00000, 0x43c00000, 0x43c00000)
 Metaspace       used 22926K, capacity 23123K, committed 23296K, reserved 23936K
}

