# JRE version: Java(TM) SE Runtime Environment (8.0_77-b03) (build 1.8.0_77-b03)
# Java VM: Java HotSpot(TM) Client VM (25.77-b03 mixed mode windows-x86 )
Heap:
 par new generation   total 118016K, used 82347K [0x03c00000, 0x0bc00000, 0x0bc00000)
  eden space 104960K,  71% used [0x03c00000, 0x085642c8, 0x0a280000)
  from space 13056K,  55% used [0x0a280000, 0x0a986c98, 0x0af40000)
  to   space 13056K,   0% used [0x0af40000, 0x0af40000, 0x0bc00000)
 concurrent mark-sweep generation total 917504K, used 77586K [0x0bc00000, 0x43c00000, 0x43c00000)
 Metaspace       used 22859K, capacity 23074K, committed 23168K, reserved 23936K
GC Heap History (10 events):
Event: 24.591 GC heap before
{Heap before GC invocations=29 (full 9):
 par new generation   total 118016K, used 104960K [0x03c00000, 0x0bc00000, 0x0bc00000)
  eden space 104960K, 100% used [0x03c00000, 0x0a280000, 0x0a280000)
  from space 13056K,   0% used [0x0a280000, 0x0a280000, 0x0af40000)
  to   space 13056K,   0% used [0x0af40000, 0x0af40000, 0x0bc00000)
 concurrent mark-sweep generation total 917504K, used 60766K [0x0bc00000, 0x43c00000, 0x43c00000)
 Metaspace       used 20004K, capacity 20242K, committed 20352K, reserved 20864K
Event: 24.597 GC heap after
Heap after GC invocations=30 (full 9):
 par new generation   total 118016K, used 5084K [0x03c00000, 0x0bc00000, 0x0bc00000)
  eden space 104960K,   0% used [0x03c00000, 0x03c00000, 0x0a280000)
  from space 13056K,  38% used [0x0af40000, 0x0b437110, 0x0bc00000)
  to   space 13056K,   0% used [0x0a280000, 0x0a280000, 0x0af40000)
 concurrent mark-sweep generation total 917504K, used 60766K [0x0bc00000, 0x43c00000, 0x43c00000)
 Metaspace       used 20004K, capacity 20242K, committed 20352K, reserved 20864K
}
Event: 25.392 GC heap before
{Heap before GC invocations=30 (full 10):
 par new generation   total 118016K, used 110044K [0x03c00000, 0x0bc00000, 0x0bc00000)
  eden space 104960K, 100% used [0x03c00000, 0x0a280000, 0x0a280000)
  from space 13056K,  38% used [0x0af40000, 0x0b437110, 0x0bc00000)
  to   space 13056K,   0% used [0x0a280000, 0x0a280000, 0x0af40000)
 concurrent mark-sweep generation total 917504K, used 60766K [0x0bc00000, 0x43c00000, 0x43c00000)
 Metaspace       used 20844K, capacity 21057K, committed 21248K, reserved 21888K
Event: 25.407 GC heap after
Heap after GC invocations=31 (full 10):
 par new generation   total 118016K, used 13056K [0x03c00000, 0x0bc00000, 0x0bc00000)
  eden space 104960K,   0% used [0x03c00000, 0x03c00000, 0x0a280000)
  from space 13056K, 100% used [0x0a280000, 0x0af40000, 0x0af40000)
  to   space 13056K,   0% used [0x0af40000, 0x0af40000, 0x0bc00000)
 concurrent mark-sweep generation total 917504K, used 63225K [0x0bc00000, 0x43c00000, 0x43c00000)
 Metaspace       used 20844K, capacity 21057K, committed 21248K, reserved 21888K
}
Event: 25.727 GC heap before
{Heap before GC invocations=31 (full 10):
 par new generation   total 118016K, used 78508K [0x03c00000, 0x0bc00000, 0x0bc00000)
  eden space 104960K,  62% used [0x03c00000, 0x07beb0e0, 0x0a280000)
  from space 13056K, 100% used [0x0a280000, 0x0af40000, 0x0af40000)
  to   space 13056K,   0% used [0x0af40000, 0x0af40000, 0x0bc00000)
 concurrent mark-sweep generation total 917504K, used 62950K [0x0bc00000, 0x43c00000, 0x43c00000)
 Metaspace       used 21500K, capacity 21700K, committed 21888K, reserved 21888K
Event: 25.876 GC heap after
Heap after GC invocations=32 (full 11):
 par new generation   total 118016K, used 0K [0x03c00000, 0x0bc00000, 0x0bc00000)
  eden space 104960K,   0% used [0x03c00000, 0x03c00000, 0x0a280000)
  from space 13056K,   0% used [0x0a280000, 0x0a280000, 0x0af40000)
  to   space 13056K,   0% used [0x0af40000, 0x0af40000, 0x0bc00000)
 concurrent mark-sweep generation total 917504K, used 77586K [0x0bc00000, 0x43c00000, 0x43c00000)
 Metaspace       used 21500K, capacity 21700K, committed 21888K, reserved 21888K
}
Event: 26.114 GC heap before
{Heap before GC invocations=32 (full 11):
 par new generation   total 118016K, used 96359K [0x03c00000, 0x0bc00000, 0x0bc00000)
  eden space 104960K,  91% used [0x03c00000, 0x09a19cd8, 0x0a280000)
  from space 13056K,   0% used [0x0a280000, 0x0a280000, 0x0af40000)
  to   space 13056K,   0% used [0x0af40000, 0x0af40000, 0x0bc00000)
 concurrent mark-sweep generation total 917504K, used 77586K [0x0bc00000, 0x43c00000, 0x43c00000)
 Metaspace       used 21942K, capacity 22168K, committed 22272K, reserved 22912K
Event: 26.120 GC heap after
Heap after GC invocations=33 (full 11):
 par new generation   total 118016K, used 10576K [0x03c00000, 0x0bc00000, 0x0bc00000)
  eden space 104960K,   0% used [0x03c00000, 0x03c00000, 0x0a280000)
  from space 13056K,  81% used [0x0af40000, 0x0b9941e8, 0x0bc00000)
  to   space 13056K,   0% used [0x0a280000, 0x0a280000, 0x0af40000)
 concurrent mark-sweep generation total 917504K, used 77586K [0x0bc00000, 0x43c00000, 0x43c00000)
 Metaspace       used 21942K, capacity 22168K, committed 22272K, reserved 22912K
}
Event: 27.058 GC heap before
{Heap before GC invocations=33 (full 12):
 par new generation   total 118016K, used 107021K [0x03c00000, 0x0bc00000, 0x0bc00000)
  eden space 104960K,  91% used [0x03c00000, 0x09a2f3d0, 0x0a280000)
  from space 13056K,  81% used [0x0af40000, 0x0b9941e8, 0x0bc00000)
  to   space 13056K,   0% used [0x0a280000, 0x0a280000, 0x0af40000)
 concurrent mark-sweep generation total 917504K, used 77586K [0x0bc00000, 0x43c00000, 0x43c00000)
 Metaspace       used 22582K, capacity 22783K, committed 22912K, reserved 22912K
Event: 27.068 GC heap after
Heap after GC invocations=34 (full 12):
 par new generation   total 118016K, used 7195K [0x03c00000, 0x0bc00000, 0x0bc00000)
  eden space 104960K,   0% used [0x03c00000, 0x03c00000, 0x0a280000)
  from space 13056K,  55% used [0x0a280000, 0x0a986c98, 0x0af40000)
  to   space 13056K,   0% used [0x0af40000, 0x0af40000, 0x0bc00000)
 concurrent mark-sweep generation total 917504K, used 77586K [0x0bc00000, 0x43c00000, 0x43c00000)
 Metaspace       used 22582K, capacity 22783K, committed 22912K, reserved 22912K
}

