# JRE version: Java(TM) SE Runtime Environment (8.0_77-b03) (build 1.8.0_77-b03)
# Java VM: Java HotSpot(TM) Client VM (25.77-b03 mixed mode windows-x86 )
Heap:
 par new generation   total 118016K, used 34501K [0x03c00000, 0x0bc00000, 0x0bc00000)
  eden space 104960K,  22% used [0x03c00000, 0x0537b910, 0x0a280000)
  from space 13056K,  80% used [0x0af40000, 0x0b975bc0, 0x0bc00000)
  to   space 13056K,   0% used [0x0a280000, 0x0a280000, 0x0af40000)
 concurrent mark-sweep generation total 917504K, used 79052K [0x0bc00000, 0x43c00000, 0x43c00000)
 Metaspace       used 22879K, capacity 23062K, committed 23168K, reserved 23936K
GC Heap History (10 events):
Event: 93.015 GC heap before
{Heap before GC invocations=30 (full 12):
 par new generation   total 118016K, used 110116K [0x03c00000, 0x0bc00000, 0x0bc00000)
  eden space 104960K, 100% used [0x03c00000, 0x0a280000, 0x0a280000)
  from space 13056K,  39% used [0x0af40000, 0x0b4492b8, 0x0bc00000)
  to   space 13056K,   0% used [0x0a280000, 0x0a280000, 0x0af40000)
 concurrent mark-sweep generation total 917504K, used 61523K [0x0bc00000, 0x43c00000, 0x43c00000)
 Metaspace       used 20566K, capacity 20752K, committed 20864K, reserved 20864K
Event: 93.029 GC heap after
Heap after GC invocations=31 (full 12):
 par new generation   total 118016K, used 13056K [0x03c00000, 0x0bc00000, 0x0bc00000)
  eden space 104960K,   0% used [0x03c00000, 0x03c00000, 0x0a280000)
  from space 13056K, 100% used [0x0a280000, 0x0af40000, 0x0af40000)
  to   space 13056K,   0% used [0x0af40000, 0x0af40000, 0x0bc00000)
 concurrent mark-sweep generation total 917504K, used 63952K [0x0bc00000, 0x43c00000, 0x43c00000)
 Metaspace       used 20566K, capacity 20752K, committed 20864K, reserved 20864K
}
Event: 93.464 GC heap before
{Heap before GC invocations=31 (full 12):
 par new generation   total 118016K, used 103651K [0x03c00000, 0x0bc00000, 0x0bc00000)
  eden space 104960K,  86% used [0x03c00000, 0x09478cb8, 0x0a280000)
  from space 13056K, 100% used [0x0a280000, 0x0af40000, 0x0af40000)
  to   space 13056K,   0% used [0x0af40000, 0x0af40000, 0x0bc00000)
 concurrent mark-sweep generation total 917504K, used 63872K [0x0bc00000, 0x43c00000, 0x43c00000)
 Metaspace       used 21566K, capacity 21779K, committed 21888K, reserved 21888K
Event: 93.612 GC heap after
Heap after GC invocations=32 (full 13):
 par new generation   total 118016K, used 0K [0x03c00000, 0x0bc00000, 0x0bc00000)
  eden space 104960K,   0% used [0x03c00000, 0x03c00000, 0x0a280000)
  from space 13056K,   0% used [0x0a280000, 0x0a280000, 0x0af40000)
  to   space 13056K,   0% used [0x0af40000, 0x0af40000, 0x0bc00000)
 concurrent mark-sweep generation total 917504K, used 79052K [0x0bc00000, 0x43c00000, 0x43c00000)
 Metaspace       used 21566K, capacity 21779K, committed 21888K, reserved 21888K
}
Event: 93.846 GC heap before
{Heap before GC invocations=32 (full 13):
 par new generation   total 118016K, used 90792K [0x03c00000, 0x0bc00000, 0x0bc00000)
  eden space 104960K,  86% used [0x03c00000, 0x094aa1d8, 0x0a280000)
  from space 13056K,   0% used [0x0a280000, 0x0a280000, 0x0af40000)
  to   space 13056K,   0% used [0x0af40000, 0x0af40000, 0x0bc00000)
 concurrent mark-sweep generation total 917504K, used 79052K [0x0bc00000, 0x43c00000, 0x43c00000)
 Metaspace       used 21995K, capacity 22215K, committed 22400K, reserved 22912K
Event: 93.853 GC heap after
Heap after GC invocations=33 (full 13):
 par new generation   total 118016K, used 10362K [0x03c00000, 0x0bc00000, 0x0bc00000)
  eden space 104960K,   0% used [0x03c00000, 0x03c00000, 0x0a280000)
  from space 13056K,  79% used [0x0af40000, 0x0b95e980, 0x0bc00000)
  to   space 13056K,   0% used [0x0a280000, 0x0a280000, 0x0af40000)
 concurrent mark-sweep generation total 917504K, used 79052K [0x0bc00000, 0x43c00000, 0x43c00000)
 Metaspace       used 21995K, capacity 22215K, committed 22400K, reserved 22912K
}
Event: 94.268 GC heap before
{Heap before GC invocations=33 (full 14):
 par new generation   total 118016K, used 115322K [0x03c00000, 0x0bc00000, 0x0bc00000)
  eden space 104960K, 100% used [0x03c00000, 0x0a280000, 0x0a280000)
  from space 13056K,  79% used [0x0af40000, 0x0b95e980, 0x0bc00000)
  to   space 13056K,   0% used [0x0a280000, 0x0a280000, 0x0af40000)
 concurrent mark-sweep generation total 917504K, used 79052K [0x0bc00000, 0x43c00000, 0x43c00000)
 Metaspace       used 22299K, capacity 22510K, committed 22656K, reserved 22912K
Event: 94.276 GC heap after
Heap after GC invocations=34 (full 14):
 par new generation   total 118016K, used 6124K [0x03c00000, 0x0bc00000, 0x0bc00000)
  eden space 104960K,   0% used [0x03c00000, 0x03c00000, 0x0a280000)
  from space 13056K,  46% used [0x0a280000, 0x0a87b0c8, 0x0af40000)
  to   space 13056K,   0% used [0x0af40000, 0x0af40000, 0x0bc00000)
 concurrent mark-sweep generation total 917504K, used 79052K [0x0bc00000, 0x43c00000, 0x43c00000)
 Metaspace       used 22299K, capacity 22510K, committed 22656K, reserved 22912K
}
Event: 95.447 GC heap before
{Heap before GC invocations=34 (full 14):
 par new generation   total 118016K, used 109674K [0x03c00000, 0x0bc00000, 0x0bc00000)
  eden space 104960K,  98% used [0x03c00000, 0x0a11f880, 0x0a280000)
  from space 13056K,  46% used [0x0a280000, 0x0a87b0c8, 0x0af40000)
  to   space 13056K,   0% used [0x0af40000, 0x0af40000, 0x0bc00000)
 concurrent mark-sweep generation total 917504K, used 79052K [0x0bc00000, 0x43c00000, 0x43c00000)
 Metaspace       used 22879K, capacity 23062K, committed 23168K, reserved 23936K
Event: 95.457 GC heap after
Heap after GC invocations=35 (full 14):
 par new generation   total 118016K, used 10454K [0x03c00000, 0x0bc00000, 0x0bc00000)
  eden space 104960K,   0% used [0x03c00000, 0x03c00000, 0x0a280000)
  from space 13056K,  80% used [0x0af40000, 0x0b975bc0, 0x0bc00000)
  to   space 13056K,   0% used [0x0a280000, 0x0a280000, 0x0af40000)
 concurrent mark-sweep generation total 917504K, used 79052K [0x0bc00000, 0x43c00000, 0x43c00000)
 Metaspace       used 22879K, capacity 23062K, committed 23168K, reserved 23936K
}

