# JRE version: Java(TM) SE Runtime Environment (8.0_77-b03) (build 1.8.0_77-b03)
# Java VM: Java HotSpot(TM) Client VM (25.77-b03 mixed mode windows-x86 )
Heap:
 par new generation   total 118016K, used 84035K [0x03c00000, 0x0bc00000, 0x0bc00000)
  eden space 104960K,  78% used [0x03c00000, 0x08c82710, 0x0a280000)
  from space 13056K,  12% used [0x0af40000, 0x0b0ce738, 0x0bc00000)
  to   space 13056K,   0% used [0x0a280000, 0x0a280000, 0x0af40000)
 concurrent mark-sweep generation total 917504K, used 81966K [0x0bc00000, 0x43c00000, 0x43c00000)
 Metaspace       used 22956K, capacity 23172K, committed 23296K, reserved 23936K
GC Heap History (10 events):
Event: 56.587 GC heap before
{Heap before GC invocations=36 (full 13):
 par new generation   total 118016K, used 108137K [0x03c00000, 0x0bc00000, 0x0bc00000)
  eden space 104960K,  96% used [0x03c00000, 0x09f5c338, 0x0a280000)
  from space 13056K,  48% used [0x0a280000, 0x0a8be370, 0x0af40000)
  to   space 13056K,   0% used [0x0af40000, 0x0af40000, 0x0bc00000)
 concurrent mark-sweep generation total 917504K, used 81966K [0x0bc00000, 0x43c00000, 0x43c00000)
 Metaspace       used 22929K, capacity 23140K, committed 23296K, reserved 23936K
Event: 56.591 GC heap after
Heap after GC invocations=37 (full 13):
 par new generation   total 118016K, used 1791K [0x03c00000, 0x0bc00000, 0x0bc00000)
  eden space 104960K,   0% used [0x03c00000, 0x03c00000, 0x0a280000)
  from space 13056K,  13% used [0x0af40000, 0x0b0ffec8, 0x0bc00000)
  to   space 13056K,   0% used [0x0a280000, 0x0a280000, 0x0af40000)
 concurrent mark-sweep generation total 917504K, used 81966K [0x0bc00000, 0x43c00000, 0x43c00000)
 Metaspace       used 22929K, capacity 23140K, committed 23296K, reserved 23936K
}
Event: 57.014 GC heap before
{Heap before GC invocations=37 (full 13):
 par new generation   total 118016K, used 97449K [0x03c00000, 0x0bc00000, 0x0bc00000)
  eden space 104960K,  91% used [0x03c00000, 0x0996a910, 0x0a280000)
  from space 13056K,  13% used [0x0af40000, 0x0b0ffec8, 0x0bc00000)
  to   space 13056K,   0% used [0x0a280000, 0x0a280000, 0x0af40000)
 concurrent mark-sweep generation total 917504K, used 81966K [0x0bc00000, 0x43c00000, 0x43c00000)
 Metaspace       used 22929K, capacity 23140K, committed 23296K, reserved 23936K
Event: 57.022 GC heap after
Heap after GC invocations=38 (full 13):
 par new generation   total 118016K, used 1090K [0x03c00000, 0x0bc00000, 0x0bc00000)
  eden space 104960K,   0% used [0x03c00000, 0x03c00000, 0x0a280000)
  from space 13056K,   8% used [0x0a280000, 0x0a390b10, 0x0af40000)
  to   space 13056K,   0% used [0x0af40000, 0x0af40000, 0x0bc00000)
 concurrent mark-sweep generation total 917504K, used 81966K [0x0bc00000, 0x43c00000, 0x43c00000)
 Metaspace       used 22929K, capacity 23140K, committed 23296K, reserved 23936K
}
Event: 58.525 GC heap before
{Heap before GC invocations=38 (full 13):
 par new generation   total 118016K, used 106050K [0x03c00000, 0x0bc00000, 0x0bc00000)
  eden space 104960K, 100% used [0x03c00000, 0x0a280000, 0x0a280000)
  from space 13056K,   8% used [0x0a280000, 0x0a390b10, 0x0af40000)
  to   space 13056K,   0% used [0x0af40000, 0x0af40000, 0x0bc00000)
 concurrent mark-sweep generation total 917504K, used 81966K [0x0bc00000, 0x43c00000, 0x43c00000)
 Metaspace       used 22929K, capacity 23140K, committed 23296K, reserved 23936K
Event: 58.529 GC heap after
Heap after GC invocations=39 (full 13):
 par new generation   total 118016K, used 1521K [0x03c00000, 0x0bc00000, 0x0bc00000)
  eden space 104960K,   0% used [0x03c00000, 0x03c00000, 0x0a280000)
  from space 13056K,  11% used [0x0af40000, 0x0b0bc5c0, 0x0bc00000)
  to   space 13056K,   0% used [0x0a280000, 0x0a280000, 0x0af40000)
 concurrent mark-sweep generation total 917504K, used 81966K [0x0bc00000, 0x43c00000, 0x43c00000)
 Metaspace       used 22929K, capacity 23140K, committed 23296K, reserved 23936K
}
Event: 60.254 GC heap before
{Heap before GC invocations=39 (full 13):
 par new generation   total 118016K, used 94045K [0x03c00000, 0x0bc00000, 0x0bc00000)
  eden space 104960K,  88% used [0x03c00000, 0x0965af30, 0x0a280000)
  from space 13056K,  11% used [0x0af40000, 0x0b0bc5c0, 0x0bc00000)
  to   space 13056K,   0% used [0x0a280000, 0x0a280000, 0x0af40000)
 concurrent mark-sweep generation total 917504K, used 81966K [0x0bc00000, 0x43c00000, 0x43c00000)
 Metaspace       used 22937K, capacity 23172K, committed 23296K, reserved 23936K
Event: 60.258 GC heap after
Heap after GC invocations=40 (full 13):
 par new generation   total 118016K, used 1389K [0x03c00000, 0x0bc00000, 0x0bc00000)
  eden space 104960K,   0% used [0x03c00000, 0x03c00000, 0x0a280000)
  from space 13056K,  10% used [0x0a280000, 0x0a3db4e8, 0x0af40000)
  to   space 13056K,   0% used [0x0af40000, 0x0af40000, 0x0bc00000)
 concurrent mark-sweep generation total 917504K, used 81966K [0x0bc00000, 0x43c00000, 0x43c00000)
 Metaspace       used 22937K, capacity 23172K, committed 23296K, reserved 23936K
}
Event: 62.472 GC heap before
{Heap before GC invocations=40 (full 13):
 par new generation   total 118016K, used 106349K [0x03c00000, 0x0bc00000, 0x0bc00000)
  eden space 104960K, 100% used [0x03c00000, 0x0a280000, 0x0a280000)
  from space 13056K,  10% used [0x0a280000, 0x0a3db4e8, 0x0af40000)
  to   space 13056K,   0% used [0x0af40000, 0x0af40000, 0x0bc00000)
 concurrent mark-sweep generation total 917504K, used 81966K [0x0bc00000, 0x43c00000, 0x43c00000)
 Metaspace       used 22955K, capacity 23172K, committed 23296K, reserved 23936K
Event: 62.478 GC heap after
Heap after GC invocations=41 (full 13):
 par new generation   total 118016K, used 1593K [0x03c00000, 0x0bc00000, 0x0bc00000)
  eden space 104960K,   0% used [0x03c00000, 0x03c00000, 0x0a280000)
  from space 13056K,  12% used [0x0af40000, 0x0b0ce738, 0x0bc00000)
  to   space 13056K,   0% used [0x0a280000, 0x0a280000, 0x0af40000)
 concurrent mark-sweep generation total 917504K, used 81966K [0x0bc00000, 0x43c00000, 0x43c00000)
 Metaspace       used 22955K, capacity 23172K, committed 23296K, reserved 23936K
}

