# JRE version: Java(TM) SE Runtime Environment (8.0_91-b14) (build 1.8.0_91-b14)
# Java VM: Java HotSpot(TM) Client VM (25.91-b14 mixed mode windows-x86 )
Heap:
 par new generation   total 118016K, used 57836K [0x03c00000, 0x0bc00000, 0x0bc00000)
  eden space 104960K,  53% used [0x03c00000, 0x07341148, 0x0a280000)
  from space 13056K,   9% used [0x0a280000, 0x0a3ba070, 0x0af40000)
  to   space 13056K,   0% used [0x0af40000, 0x0af40000, 0x0bc00000)
 concurrent mark-sweep generation total 917504K, used 87221K [0x0bc00000, 0x43c00000, 0x43c00000)
 Metaspace       used 23233K, capacity 23453K, committed 23552K, reserved 23936K
GC Heap History (10 events):
Event: 39.356 GC heap before
{Heap before GC invocations=43 (full 12):
 par new generation   total 118016K, used 106925K [0x03c00000, 0x0bc00000, 0x0bc00000)
  eden space 104960K, 100% used [0x03c00000, 0x0a280000, 0x0a280000)
  from space 13056K,  15% used [0x0af40000, 0x0b12b6a0, 0x0bc00000)
  to   space 13056K,   0% used [0x0a280000, 0x0a280000, 0x0af40000)
 concurrent mark-sweep generation total 917504K, used 85955K [0x0bc00000, 0x43c00000, 0x43c00000)
 Metaspace       used 23231K, capacity 23453K, committed 23552K, reserved 23936K
Event: 39.361 GC heap after
Heap after GC invocations=44 (full 12):
 par new generation   total 118016K, used 2595K [0x03c00000, 0x0bc00000, 0x0bc00000)
  eden space 104960K,   0% used [0x03c00000, 0x03c00000, 0x0a280000)
  from space 13056K,  19% used [0x0a280000, 0x0a508d40, 0x0af40000)
  to   space 13056K,   0% used [0x0af40000, 0x0af40000, 0x0bc00000)
 concurrent mark-sweep generation total 917504K, used 85983K [0x0bc00000, 0x43c00000, 0x43c00000)
 Metaspace       used 23231K, capacity 23453K, committed 23552K, reserved 23936K
}
Event: 42.207 GC heap before
{Heap before GC invocations=44 (full 12):
 par new generation   total 118016K, used 107555K [0x03c00000, 0x0bc00000, 0x0bc00000)
  eden space 104960K, 100% used [0x03c00000, 0x0a280000, 0x0a280000)
  from space 13056K,  19% used [0x0a280000, 0x0a508d40, 0x0af40000)
  to   space 13056K,   0% used [0x0af40000, 0x0af40000, 0x0bc00000)
 concurrent mark-sweep generation total 917504K, used 85983K [0x0bc00000, 0x43c00000, 0x43c00000)
 Metaspace       used 23231K, capacity 23453K, committed 23552K, reserved 23936K
Event: 42.212 GC heap after
Heap after GC invocations=45 (full 12):
 par new generation   total 118016K, used 2599K [0x03c00000, 0x0bc00000, 0x0bc00000)
  eden space 104960K,   0% used [0x03c00000, 0x03c00000, 0x0a280000)
  from space 13056K,  19% used [0x0af40000, 0x0b1c9c80, 0x0bc00000)
  to   space 13056K,   0% used [0x0a280000, 0x0a280000, 0x0af40000)
 concurrent mark-sweep generation total 917504K, used 86503K [0x0bc00000, 0x43c00000, 0x43c00000)
 Metaspace       used 23231K, capacity 23453K, committed 23552K, reserved 23936K
}
Event: 45.155 GC heap before
{Heap before GC invocations=45 (full 12):
 par new generation   total 118016K, used 107559K [0x03c00000, 0x0bc00000, 0x0bc00000)
  eden space 104960K, 100% used [0x03c00000, 0x0a280000, 0x0a280000)
  from space 13056K,  19% used [0x0af40000, 0x0b1c9c80, 0x0bc00000)
  to   space 13056K,   0% used [0x0a280000, 0x0a280000, 0x0af40000)
 concurrent mark-sweep generation total 917504K, used 86503K [0x0bc00000, 0x43c00000, 0x43c00000)
 Metaspace       used 23232K, capacity 23453K, committed 23552K, reserved 23936K
Event: 45.160 GC heap after
Heap after GC invocations=46 (full 12):
 par new generation   total 118016K, used 1963K [0x03c00000, 0x0bc00000, 0x0bc00000)
  eden space 104960K,   0% used [0x03c00000, 0x03c00000, 0x0a280000)
  from space 13056K,  15% used [0x0a280000, 0x0a46ac88, 0x0af40000)
  to   space 13056K,   0% used [0x0af40000, 0x0af40000, 0x0bc00000)
 concurrent mark-sweep generation total 917504K, used 86532K [0x0bc00000, 0x43c00000, 0x43c00000)
 Metaspace       used 23232K, capacity 23453K, committed 23552K, reserved 23936K
}
Event: 48.057 GC heap before
{Heap before GC invocations=46 (full 12):
 par new generation   total 118016K, used 106923K [0x03c00000, 0x0bc00000, 0x0bc00000)
  eden space 104960K, 100% used [0x03c00000, 0x0a280000, 0x0a280000)
  from space 13056K,  15% used [0x0a280000, 0x0a46ac88, 0x0af40000)
  to   space 13056K,   0% used [0x0af40000, 0x0af40000, 0x0bc00000)
 concurrent mark-sweep generation total 917504K, used 86532K [0x0bc00000, 0x43c00000, 0x43c00000)
 Metaspace       used 23232K, capacity 23453K, committed 23552K, reserved 23936K
Event: 48.062 GC heap after
Heap after GC invocations=47 (full 12):
 par new generation   total 118016K, used 1965K [0x03c00000, 0x0bc00000, 0x0bc00000)
  eden space 104960K,   0% used [0x03c00000, 0x03c00000, 0x0a280000)
  from space 13056K,  15% used [0x0af40000, 0x0b12b640, 0x0bc00000)
  to   space 13056K,   0% used [0x0a280000, 0x0a280000, 0x0af40000)
 concurrent mark-sweep generation total 917504K, used 86767K [0x0bc00000, 0x43c00000, 0x43c00000)
 Metaspace       used 23232K, capacity 23453K, committed 23552K, reserved 23936K
}
Event: 51.006 GC heap before
{Heap before GC invocations=47 (full 12):
 par new generation   total 118016K, used 106925K [0x03c00000, 0x0bc00000, 0x0bc00000)
  eden space 104960K, 100% used [0x03c00000, 0x0a280000, 0x0a280000)
  from space 13056K,  15% used [0x0af40000, 0x0b12b640, 0x0bc00000)
  to   space 13056K,   0% used [0x0a280000, 0x0a280000, 0x0af40000)
 concurrent mark-sweep generation total 917504K, used 86767K [0x0bc00000, 0x43c00000, 0x43c00000)
 Metaspace       used 23233K, capacity 23453K, committed 23552K, reserved 23936K
Event: 51.012 GC heap after
Heap after GC invocations=48 (full 12):
 par new generation   total 118016K, used 1256K [0x03c00000, 0x0bc00000, 0x0bc00000)
  eden space 104960K,   0% used [0x03c00000, 0x03c00000, 0x0a280000)
  from space 13056K,   9% used [0x0a280000, 0x0a3ba070, 0x0af40000)
  to   space 13056K,   0% used [0x0af40000, 0x0af40000, 0x0bc00000)
 concurrent mark-sweep generation total 917504K, used 87221K [0x0bc00000, 0x43c00000, 0x43c00000)
 Metaspace       used 23233K, capacity 23453K, committed 23552K, reserved 23936K
}

