# JRE version: Java(TM) SE Runtime Environment (8.0_91-b14) (build 1.8.0_91-b14)
# Java VM: Java HotSpot(TM) Client VM (25.91-b14 mixed mode windows-x86 )
Heap:
 par new generation   total 118016K, used 57089K [0x03c00000, 0x0bc00000, 0x0bc00000)
  eden space 104960K,  47% used [0x03c00000, 0x06ca5250, 0x0a280000)
  from space 13056K,  55% used [0x0a280000, 0x0a99b4e0, 0x0af40000)
  to   space 13056K,   0% used [0x0af40000, 0x0af40000, 0x0bc00000)
 concurrent mark-sweep generation total 917504K, used 78133K [0x0bc00000, 0x43c00000, 0x43c00000)
 Metaspace       used 22438K, capacity 22680K, committed 22784K, reserved 22912K
GC Heap History (10 events):
Event: 41.004 GC heap before
{Heap before GC invocations=29 (full 11):
 par new generation   total 118016K, used 109978K [0x03c00000, 0x0bc00000, 0x0bc00000)
  eden space 104960K, 100% used [0x03c00000, 0x0a280000, 0x0a280000)
  from space 13056K,  38% used [0x0a280000, 0x0a7668d0, 0x0af40000)
  to   space 13056K,   0% used [0x0af40000, 0x0af40000, 0x0bc00000)
 concurrent mark-sweep generation total 917504K, used 61171K [0x0bc00000, 0x43c00000, 0x43c00000)
 Metaspace       used 20357K, capacity 20568K, committed 20736K, reserved 20864K
Event: 41.020 GC heap after
Heap after GC invocations=30 (full 11):
 par new generation   total 118016K, used 13056K [0x03c00000, 0x0bc00000, 0x0bc00000)
  eden space 104960K,   0% used [0x03c00000, 0x03c00000, 0x0a280000)
  from space 13056K, 100% used [0x0af40000, 0x0bc00000, 0x0bc00000)
  to   space 13056K,   0% used [0x0a280000, 0x0a280000, 0x0af40000)
 concurrent mark-sweep generation total 917504K, used 64874K [0x0bc00000, 0x43c00000, 0x43c00000)
 Metaspace       used 20357K, capacity 20568K, committed 20736K, reserved 20864K
}
Event: 41.336 GC heap before
{Heap before GC invocations=30 (full 12):
 par new generation   total 118016K, used 86413K [0x03c00000, 0x0bc00000, 0x0bc00000)
  eden space 104960K,  69% used [0x03c00000, 0x083a3538, 0x0a280000)
  from space 13056K, 100% used [0x0af40000, 0x0bc00000, 0x0bc00000)
  to   space 13056K,   0% used [0x0a280000, 0x0a280000, 0x0af40000)
 concurrent mark-sweep generation total 917504K, used 64874K [0x0bc00000, 0x43c00000, 0x43c00000)
 Metaspace       used 21097K, capacity 21306K, committed 21504K, reserved 21888K
Event: 41.479 GC heap after
Heap after GC invocations=31 (full 13):
 par new generation   total 118016K, used 0K [0x03c00000, 0x0bc00000, 0x0bc00000)
  eden space 104960K,   0% used [0x03c00000, 0x03c00000, 0x0a280000)
  from space 13056K,   0% used [0x0af40000, 0x0af40000, 0x0bc00000)
  to   space 13056K,   0% used [0x0a280000, 0x0a280000, 0x0af40000)
 concurrent mark-sweep generation total 917504K, used 79269K [0x0bc00000, 0x43c00000, 0x43c00000)
 Metaspace       used 21097K, capacity 21306K, committed 21504K, reserved 21888K
}
Event: 41.672 GC heap before
{Heap before GC invocations=31 (full 13):
 par new generation   total 118016K, used 92348K [0x03c00000, 0x0bc00000, 0x0bc00000)
  eden space 104960K,  87% used [0x03c00000, 0x0962f080, 0x0a280000)
  from space 13056K,   0% used [0x0af40000, 0x0af40000, 0x0bc00000)
  to   space 13056K,   0% used [0x0a280000, 0x0a280000, 0x0af40000)
 concurrent mark-sweep generation total 917504K, used 79269K [0x0bc00000, 0x43c00000, 0x43c00000)
 Metaspace       used 21477K, capacity 21740K, committed 21888K, reserved 21888K
Event: 41.679 GC heap after
Heap after GC invocations=32 (full 13):
 par new generation   total 118016K, used 10457K [0x03c00000, 0x0bc00000, 0x0bc00000)
  eden space 104960K,   0% used [0x03c00000, 0x03c00000, 0x0a280000)
  from space 13056K,  80% used [0x0a280000, 0x0acb6790, 0x0af40000)
  to   space 13056K,   0% used [0x0af40000, 0x0af40000, 0x0bc00000)
 concurrent mark-sweep generation total 917504K, used 79269K [0x0bc00000, 0x43c00000, 0x43c00000)
 Metaspace       used 21477K, capacity 21740K, committed 21888K, reserved 21888K
}
Event: 42.108 GC heap before
{Heap before GC invocations=32 (full 14):
 par new generation   total 118016K, used 115417K [0x03c00000, 0x0bc00000, 0x0bc00000)
  eden space 104960K, 100% used [0x03c00000, 0x0a280000, 0x0a280000)
  from space 13056K,  80% used [0x0a280000, 0x0acb6790, 0x0af40000)
  to   space 13056K,   0% used [0x0af40000, 0x0af40000, 0x0bc00000)
 concurrent mark-sweep generation total 917504K, used 79269K [0x0bc00000, 0x43c00000, 0x43c00000)
 Metaspace       used 21839K, capacity 22067K, committed 22144K, reserved 22912K
Event: 42.116 GC heap after
Heap after GC invocations=33 (full 14):
 par new generation   total 118016K, used 6025K [0x03c00000, 0x0bc00000, 0x0bc00000)
  eden space 104960K,   0% used [0x03c00000, 0x03c00000, 0x0a280000)
  from space 13056K,  46% used [0x0af40000, 0x0b522470, 0x0bc00000)
  to   space 13056K,   0% used [0x0a280000, 0x0a280000, 0x0af40000)
 concurrent mark-sweep generation total 917504K, used 79269K [0x0bc00000, 0x43c00000, 0x43c00000)
 Metaspace       used 21839K, capacity 22067K, committed 22144K, reserved 22912K
}
Event: 42.849 GC heap before
{Heap before GC invocations=33 (full 14):
 par new generation   total 118016K, used 110985K [0x03c00000, 0x0bc00000, 0x0bc00000)
  eden space 104960K, 100% used [0x03c00000, 0x0a280000, 0x0a280000)
  from space 13056K,  46% used [0x0af40000, 0x0b522470, 0x0bc00000)
  to   space 13056K,   0% used [0x0a280000, 0x0a280000, 0x0af40000)
 concurrent mark-sweep generation total 917504K, used 79269K [0x0bc00000, 0x43c00000, 0x43c00000)
 Metaspace       used 22360K, capacity 22552K, committed 22656K, reserved 22912K
Event: 42.857 GC heap after
Heap after GC invocations=34 (full 14):
 par new generation   total 118016K, used 7277K [0x03c00000, 0x0bc00000, 0x0bc00000)
  eden space 104960K,   0% used [0x03c00000, 0x03c00000, 0x0a280000)
  from space 13056K,  55% used [0x0a280000, 0x0a99b4e0, 0x0af40000)
  to   space 13056K,   0% used [0x0af40000, 0x0af40000, 0x0bc00000)
 concurrent mark-sweep generation total 917504K, used 79269K [0x0bc00000, 0x43c00000, 0x43c00000)
 Metaspace       used 22360K, capacity 22552K, committed 22656K, reserved 22912K
}

