# JRE version: Java(TM) SE Runtime Environment (8.0_77-b03) (build 1.8.0_77-b03)
# Java VM: Java HotSpot(TM) Client VM (25.77-b03 mixed mode windows-x86 )
Heap:
 par new generation   total 118016K, used 42238K [0x03c00000, 0x0bc00000, 0x0bc00000)
  eden space 104960K,  32% used [0x03c00000, 0x05cfbf58, 0x0a280000)
  from space 13056K,  64% used [0x0af40000, 0x0b783958, 0x0bc00000)
  to   space 13056K,   0% used [0x0a280000, 0x0a280000, 0x0af40000)
 concurrent mark-sweep generation total 917504K, used 83625K [0x0bc00000, 0x43c00000, 0x43c00000)
 Metaspace       used 22798K, capacity 22992K, committed 23168K, reserved 23936K
GC Heap History (10 events):
Event: 25.507 GC heap before
{Heap before GC invocations=28 (full 10):
 par new generation   total 118016K, used 104960K [0x03c00000, 0x0bc00000, 0x0bc00000)
  eden space 104960K, 100% used [0x03c00000, 0x0a280000, 0x0a280000)
  from space 13056K,   0% used [0x0af40000, 0x0af40000, 0x0bc00000)
  to   space 13056K,   0% used [0x0a280000, 0x0a280000, 0x0af40000)
 concurrent mark-sweep generation total 917504K, used 60429K [0x0bc00000, 0x43c00000, 0x43c00000)
 Metaspace       used 19866K, capacity 20050K, committed 20224K, reserved 20864K
Event: 25.516 GC heap after
Heap after GC invocations=29 (full 10):
 par new generation   total 118016K, used 9182K [0x03c00000, 0x0bc00000, 0x0bc00000)
  eden space 104960K,   0% used [0x03c00000, 0x03c00000, 0x0a280000)
  from space 13056K,  70% used [0x0a280000, 0x0ab77a20, 0x0af40000)
  to   space 13056K,   0% used [0x0af40000, 0x0af40000, 0x0bc00000)
 concurrent mark-sweep generation total 917504K, used 60429K [0x0bc00000, 0x43c00000, 0x43c00000)
 Metaspace       used 19866K, capacity 20050K, committed 20224K, reserved 20864K
}
Event: 26.802 GC heap before
{Heap before GC invocations=29 (full 11):
 par new generation   total 118016K, used 114142K [0x03c00000, 0x0bc00000, 0x0bc00000)
  eden space 104960K, 100% used [0x03c00000, 0x0a280000, 0x0a280000)
  from space 13056K,  70% used [0x0a280000, 0x0ab77a20, 0x0af40000)
  to   space 13056K,   0% used [0x0af40000, 0x0af40000, 0x0bc00000)
 concurrent mark-sweep generation total 917504K, used 60203K [0x0bc00000, 0x43c00000, 0x43c00000)
 Metaspace       used 20769K, capacity 21010K, committed 21120K, reserved 21888K
Event: 26.820 GC heap after
Heap after GC invocations=30 (full 11):
 par new generation   total 118016K, used 13056K [0x03c00000, 0x0bc00000, 0x0bc00000)
  eden space 104960K,   0% used [0x03c00000, 0x03c00000, 0x0a280000)
  from space 13056K, 100% used [0x0af40000, 0x0bc00000, 0x0bc00000)
  to   space 13056K,   0% used [0x0a280000, 0x0a280000, 0x0af40000)
 concurrent mark-sweep generation total 917504K, used 71354K [0x0bc00000, 0x43c00000, 0x43c00000)
 Metaspace       used 20769K, capacity 21010K, committed 21120K, reserved 21888K
}
Event: 27.171 GC heap before
{Heap before GC invocations=30 (full 11):
 par new generation   total 118016K, used 77494K [0x03c00000, 0x0bc00000, 0x0bc00000)
  eden space 104960K,  61% used [0x03c00000, 0x07aed968, 0x0a280000)
  from space 13056K, 100% used [0x0af40000, 0x0bc00000, 0x0bc00000)
  to   space 13056K,   0% used [0x0a280000, 0x0a280000, 0x0af40000)
 concurrent mark-sweep generation total 917504K, used 71354K [0x0bc00000, 0x43c00000, 0x43c00000)
 Metaspace       used 21442K, capacity 21653K, committed 21760K, reserved 21888K
Event: 27.335 GC heap after
Heap after GC invocations=31 (full 12):
 par new generation   total 118016K, used 0K [0x03c00000, 0x0bc00000, 0x0bc00000)
  eden space 104960K,   0% used [0x03c00000, 0x03c00000, 0x0a280000)
  from space 13056K,   0% used [0x0af40000, 0x0af40000, 0x0bc00000)
  to   space 13056K,   0% used [0x0a280000, 0x0a280000, 0x0af40000)
 concurrent mark-sweep generation total 917504K, used 84463K [0x0bc00000, 0x43c00000, 0x43c00000)
 Metaspace       used 21442K, capacity 21653K, committed 21760K, reserved 21888K
}
Event: 27.539 GC heap before
{Heap before GC invocations=31 (full 13):
 par new generation   total 118016K, used 90669K [0x03c00000, 0x0bc00000, 0x0bc00000)
  eden space 104960K,  86% used [0x03c00000, 0x0948b7e8, 0x0a280000)
  from space 13056K,   0% used [0x0af40000, 0x0af40000, 0x0bc00000)
  to   space 13056K,   0% used [0x0a280000, 0x0a280000, 0x0af40000)
 concurrent mark-sweep generation total 917504K, used 84463K [0x0bc00000, 0x43c00000, 0x43c00000)
 Metaspace       used 21884K, capacity 22121K, committed 22272K, reserved 22912K
Event: 27.544 GC heap after
Heap after GC invocations=32 (full 13):
 par new generation   total 118016K, used 10314K [0x03c00000, 0x0bc00000, 0x0bc00000)
  eden space 104960K,   0% used [0x03c00000, 0x03c00000, 0x0a280000)
  from space 13056K,  79% used [0x0a280000, 0x0ac92928, 0x0af40000)
  to   space 13056K,   0% used [0x0af40000, 0x0af40000, 0x0bc00000)
 concurrent mark-sweep generation total 917504K, used 84463K [0x0bc00000, 0x43c00000, 0x43c00000)
 Metaspace       used 21884K, capacity 22121K, committed 22272K, reserved 22912K
}
Event: 29.132 GC heap before
{Heap before GC invocations=32 (full 13):
 par new generation   total 118016K, used 115274K [0x03c00000, 0x0bc00000, 0x0bc00000)
  eden space 104960K, 100% used [0x03c00000, 0x0a280000, 0x0a280000)
  from space 13056K,  79% used [0x0a280000, 0x0ac92928, 0x0af40000)
  to   space 13056K,   0% used [0x0af40000, 0x0af40000, 0x0bc00000)
 concurrent mark-sweep generation total 917504K, used 83625K [0x0bc00000, 0x43c00000, 0x43c00000)
 Metaspace       used 22524K, capacity 22734K, committed 22912K, reserved 22912K
Event: 29.142 GC heap after
Heap after GC invocations=33 (full 13):
 par new generation   total 118016K, used 8462K [0x03c00000, 0x0bc00000, 0x0bc00000)
  eden space 104960K,   0% used [0x03c00000, 0x03c00000, 0x0a280000)
  from space 13056K,  64% used [0x0af40000, 0x0b783958, 0x0bc00000)
  to   space 13056K,   0% used [0x0a280000, 0x0a280000, 0x0af40000)
 concurrent mark-sweep generation total 917504K, used 83625K [0x0bc00000, 0x43c00000, 0x43c00000)
 Metaspace       used 22524K, capacity 22734K, committed 22912K, reserved 22912K
}

