# JRE version: Java(TM) SE Runtime Environment (8.0_77-b03) (build 1.8.0_77-b03)
# Java VM: Java HotSpot(TM) Client VM (25.77-b03 mixed mode windows-x86 )
Heap:
 par new generation   total 118016K, used 58370K [0x03a00000, 0x0ba00000, 0x0ba00000)
  eden space 104960K,  46% used [0x03a00000, 0x069e1f78, 0x0a080000)
  from space 13056K,  71% used [0x0a080000, 0x0a99e9a8, 0x0ad40000)
  to   space 13056K,   0% used [0x0ad40000, 0x0ad40000, 0x0ba00000)
 concurrent mark-sweep generation total 917504K, used 76878K [0x0ba00000, 0x43a00000, 0x43a00000)
 Metaspace       used 22806K, capacity 23017K, committed 23168K, reserved 23936K
GC Heap History (10 events):
Event: 22.450 GC heap before
{Heap before GC invocations=29 (full 10):
 par new generation   total 118016K, used 110917K [0x03a00000, 0x0ba00000, 0x0ba00000)
  eden space 104960K, 100% used [0x03a00000, 0x0a080000, 0x0a080000)
  from space 13056K,  45% used [0x0a080000, 0x0a651718, 0x0ad40000)
  to   space 13056K,   0% used [0x0ad40000, 0x0ad40000, 0x0ba00000)
 concurrent mark-sweep generation total 917504K, used 60370K [0x0ba00000, 0x43a00000, 0x43a00000)
 Metaspace       used 20800K, capacity 21028K, committed 21120K, reserved 21888K
Event: 22.464 GC heap after
Heap after GC invocations=30 (full 10):
 par new generation   total 118016K, used 13056K [0x03a00000, 0x0ba00000, 0x0ba00000)
  eden space 104960K,   0% used [0x03a00000, 0x03a00000, 0x0a080000)
  from space 13056K, 100% used [0x0ad40000, 0x0ba00000, 0x0ba00000)
  to   space 13056K,   0% used [0x0a080000, 0x0a080000, 0x0ad40000)
 concurrent mark-sweep generation total 917504K, used 62923K [0x0ba00000, 0x43a00000, 0x43a00000)
 Metaspace       used 20800K, capacity 21028K, committed 21120K, reserved 21888K
}
Event: 22.697 GC heap before
{Heap before GC invocations=30 (full 10):
 par new generation   total 118016K, used 70404K [0x03a00000, 0x0ba00000, 0x0ba00000)
  eden space 104960K,  54% used [0x03a00000, 0x072011e0, 0x0a080000)
  from space 13056K, 100% used [0x0ad40000, 0x0ba00000, 0x0ba00000)
  to   space 13056K,   0% used [0x0a080000, 0x0a080000, 0x0ad40000)
 concurrent mark-sweep generation total 917504K, used 62923K [0x0ba00000, 0x43a00000, 0x43a00000)
 Metaspace       used 21403K, capacity 21604K, committed 21760K, reserved 21888K
Event: 22.876 GC heap after
Heap after GC invocations=31 (full 11):
 par new generation   total 118016K, used 0K [0x03a00000, 0x0ba00000, 0x0ba00000)
  eden space 104960K,   0% used [0x03a00000, 0x03a00000, 0x0a080000)
  from space 13056K,   0% used [0x0ad40000, 0x0ad40000, 0x0ba00000)
  to   space 13056K,   0% used [0x0a080000, 0x0a080000, 0x0ad40000)
 concurrent mark-sweep generation total 917504K, used 76878K [0x0ba00000, 0x43a00000, 0x43a00000)
 Metaspace       used 21403K, capacity 21604K, committed 21760K, reserved 21888K
}
Event: 23.052 GC heap before
{Heap before GC invocations=31 (full 11):
 par new generation   total 118016K, used 94743K [0x03a00000, 0x0ba00000, 0x0ba00000)
  eden space 104960K,  90% used [0x03a00000, 0x09685f98, 0x0a080000)
  from space 13056K,   0% used [0x0ad40000, 0x0ad40000, 0x0ba00000)
  to   space 13056K,   0% used [0x0a080000, 0x0a080000, 0x0ad40000)
 concurrent mark-sweep generation total 917504K, used 76878K [0x0ba00000, 0x43a00000, 0x43a00000)
 Metaspace       used 21862K, capacity 22106K, committed 22272K, reserved 22912K
Event: 23.058 GC heap after
Heap after GC invocations=32 (full 11):
 par new generation   total 118016K, used 10764K [0x03a00000, 0x0ba00000, 0x0ba00000)
  eden space 104960K,   0% used [0x03a00000, 0x03a00000, 0x0a080000)
  from space 13056K,  82% used [0x0a080000, 0x0ab03160, 0x0ad40000)
  to   space 13056K,   0% used [0x0ad40000, 0x0ad40000, 0x0ba00000)
 concurrent mark-sweep generation total 917504K, used 76878K [0x0ba00000, 0x43a00000, 0x43a00000)
 Metaspace       used 21862K, capacity 22106K, committed 22272K, reserved 22912K
}
Event: 23.220 GC heap before
{Heap before GC invocations=32 (full 12):
 par new generation   total 118016K, used 110606K [0x03a00000, 0x0ba00000, 0x0ba00000)
  eden space 104960K,  95% used [0x03a00000, 0x09b80a58, 0x0a080000)
  from space 13056K,  82% used [0x0a080000, 0x0ab03160, 0x0ad40000)
  to   space 13056K,   0% used [0x0ad40000, 0x0ad40000, 0x0ba00000)
 concurrent mark-sweep generation total 917504K, used 76878K [0x0ba00000, 0x43a00000, 0x43a00000)
 Metaspace       used 21921K, capacity 22173K, committed 22400K, reserved 22912K
Event: 23.227 GC heap after
Heap after GC invocations=33 (full 12):
 par new generation   total 118016K, used 3161K [0x03a00000, 0x0ba00000, 0x0ba00000)
  eden space 104960K,   0% used [0x03a00000, 0x03a00000, 0x0a080000)
  from space 13056K,  24% used [0x0ad40000, 0x0b056428, 0x0ba00000)
  to   space 13056K,   0% used [0x0a080000, 0x0a080000, 0x0ad40000)
 concurrent mark-sweep generation total 917504K, used 76878K [0x0ba00000, 0x43a00000, 0x43a00000)
 Metaspace       used 21921K, capacity 22173K, committed 22400K, reserved 22912K
}
Event: 24.931 GC heap before
{Heap before GC invocations=33 (full 12):
 par new generation   total 118016K, used 108121K [0x03a00000, 0x0ba00000, 0x0ba00000)
  eden space 104960K, 100% used [0x03a00000, 0x0a080000, 0x0a080000)
  from space 13056K,  24% used [0x0ad40000, 0x0b056428, 0x0ba00000)
  to   space 13056K,   0% used [0x0a080000, 0x0a080000, 0x0ad40000)
 concurrent mark-sweep generation total 917504K, used 76878K [0x0ba00000, 0x43a00000, 0x43a00000)
 Metaspace       used 22803K, capacity 23015K, committed 23168K, reserved 23936K
Event: 24.941 GC heap after
Heap after GC invocations=34 (full 12):
 par new generation   total 118016K, used 9338K [0x03a00000, 0x0ba00000, 0x0ba00000)
  eden space 104960K,   0% used [0x03a00000, 0x03a00000, 0x0a080000)
  from space 13056K,  71% used [0x0a080000, 0x0a99e9a8, 0x0ad40000)
  to   space 13056K,   0% used [0x0ad40000, 0x0ad40000, 0x0ba00000)
 concurrent mark-sweep generation total 917504K, used 76878K [0x0ba00000, 0x43a00000, 0x43a00000)
 Metaspace       used 22803K, capacity 23015K, committed 23168K, reserved 23936K
}

