# JRE version: Java(TM) SE Runtime Environment (8.0_77-b03) (build 1.8.0_77-b03)
# Java VM: Java HotSpot(TM) Client VM (25.77-b03 mixed mode windows-x86 )
Heap:
 par new generation   total 118016K, used 37184K [0x03a00000, 0x0ba00000, 0x0ba00000)
  eden space 104960K,  28% used [0x03a00000, 0x056d3050, 0x0a080000)
  from space 13056K,  58% used [0x0ad40000, 0x0b4bd340, 0x0ba00000)
  to   space 13056K,   0% used [0x0a080000, 0x0a080000, 0x0ad40000)
 concurrent mark-sweep generation total 917504K, used 83428K [0x0ba00000, 0x43a00000, 0x43a00000)
 Metaspace       used 22714K, capacity 22901K, committed 23040K, reserved 23936K
GC Heap History (10 events):
Event: 50.703 GC heap before
{Heap before GC invocations=32 (full 9):
 par new generation   total 118016K, used 104960K [0x03a00000, 0x0ba00000, 0x0ba00000)
  eden space 104960K, 100% used [0x03a00000, 0x0a080000, 0x0a080000)
  from space 13056K,   0% used [0x0ad40000, 0x0ad40000, 0x0ba00000)
  to   space 13056K,   0% used [0x0a080000, 0x0a080000, 0x0ad40000)
 concurrent mark-sweep generation total 917504K, used 60917K [0x0ba00000, 0x43a00000, 0x43a00000)
 Metaspace       used 19891K, capacity 20085K, committed 20224K, reserved 20864K
Event: 50.711 GC heap after
Heap after GC invocations=33 (full 9):
 par new generation   total 118016K, used 8436K [0x03a00000, 0x0ba00000, 0x0ba00000)
  eden space 104960K,   0% used [0x03a00000, 0x03a00000, 0x0a080000)
  from space 13056K,  64% used [0x0a080000, 0x0a8bd1e8, 0x0ad40000)
  to   space 13056K,   0% used [0x0ad40000, 0x0ad40000, 0x0ba00000)
 concurrent mark-sweep generation total 917504K, used 60917K [0x0ba00000, 0x43a00000, 0x43a00000)
 Metaspace       used 19891K, capacity 20085K, committed 20224K, reserved 20864K
}
Event: 51.952 GC heap before
{Heap before GC invocations=33 (full 9):
 par new generation   total 118016K, used 113396K [0x03a00000, 0x0ba00000, 0x0ba00000)
  eden space 104960K, 100% used [0x03a00000, 0x0a080000, 0x0a080000)
  from space 13056K,  64% used [0x0a080000, 0x0a8bd1e8, 0x0ad40000)
  to   space 13056K,   0% used [0x0ad40000, 0x0ad40000, 0x0ba00000)
 concurrent mark-sweep generation total 917504K, used 60917K [0x0ba00000, 0x43a00000, 0x43a00000)
 Metaspace       used 20859K, capacity 21077K, committed 21248K, reserved 21888K
Event: 51.969 GC heap after
Heap after GC invocations=34 (full 9):
 par new generation   total 118016K, used 13056K [0x03a00000, 0x0ba00000, 0x0ba00000)
  eden space 104960K,   0% used [0x03a00000, 0x03a00000, 0x0a080000)
  from space 13056K, 100% used [0x0ad40000, 0x0ba00000, 0x0ba00000)
  to   space 13056K,   0% used [0x0a080000, 0x0a080000, 0x0ad40000)
 concurrent mark-sweep generation total 917504K, used 70138K [0x0ba00000, 0x43a00000, 0x43a00000)
 Metaspace       used 20859K, capacity 21077K, committed 21248K, reserved 21888K
}
Event: 52.142 GC heap before
{Heap before GC invocations=34 (full 9):
 par new generation   total 118016K, used 50473K [0x03a00000, 0x0ba00000, 0x0ba00000)
  eden space 104960K,  35% used [0x03a00000, 0x05e8a770, 0x0a080000)
  from space 13056K, 100% used [0x0ad40000, 0x0ba00000, 0x0ba00000)
  to   space 13056K,   0% used [0x0a080000, 0x0a080000, 0x0ad40000)
 concurrent mark-sweep generation total 917504K, used 70138K [0x0ba00000, 0x43a00000, 0x43a00000)
 Metaspace       used 21265K, capacity 21493K, committed 21632K, reserved 21888K
Event: 52.286 GC heap after
Heap after GC invocations=35 (full 10):
 par new generation   total 118016K, used 0K [0x03a00000, 0x0ba00000, 0x0ba00000)
  eden space 104960K,   0% used [0x03a00000, 0x03a00000, 0x0a080000)
  from space 13056K,   0% used [0x0ad40000, 0x0ad40000, 0x0ba00000)
  to   space 13056K,   0% used [0x0a080000, 0x0a080000, 0x0ad40000)
 concurrent mark-sweep generation total 917504K, used 83428K [0x0ba00000, 0x43a00000, 0x43a00000)
 Metaspace       used 21265K, capacity 21493K, committed 21632K, reserved 21888K
}
Event: 52.514 GC heap before
{Heap before GC invocations=35 (full 10):
 par new generation   total 118016K, used 99047K [0x03a00000, 0x0ba00000, 0x0ba00000)
  eden space 104960K,  94% used [0x03a00000, 0x09ab9d48, 0x0a080000)
  from space 13056K,   0% used [0x0ad40000, 0x0ad40000, 0x0ba00000)
  to   space 13056K,   0% used [0x0a080000, 0x0a080000, 0x0ad40000)
 concurrent mark-sweep generation total 917504K, used 83428K [0x0ba00000, 0x43a00000, 0x43a00000)
 Metaspace       used 21799K, capacity 22027K, committed 22144K, reserved 22912K
Event: 52.521 GC heap after
Heap after GC invocations=36 (full 10):
 par new generation   total 118016K, used 10903K [0x03a00000, 0x0ba00000, 0x0ba00000)
  eden space 104960K,   0% used [0x03a00000, 0x03a00000, 0x0a080000)
  from space 13056K,  83% used [0x0a080000, 0x0ab25d60, 0x0ad40000)
  to   space 13056K,   0% used [0x0ad40000, 0x0ad40000, 0x0ba00000)
 concurrent mark-sweep generation total 917504K, used 83428K [0x0ba00000, 0x43a00000, 0x43a00000)
 Metaspace       used 21799K, capacity 22027K, committed 22144K, reserved 22912K
}
Event: 54.314 GC heap before
{Heap before GC invocations=36 (full 11):
 par new generation   total 118016K, used 115863K [0x03a00000, 0x0ba00000, 0x0ba00000)
  eden space 104960K, 100% used [0x03a00000, 0x0a080000, 0x0a080000)
  from space 13056K,  83% used [0x0a080000, 0x0ab25d60, 0x0ad40000)
  to   space 13056K,   0% used [0x0ad40000, 0x0ad40000, 0x0ba00000)
 concurrent mark-sweep generation total 917504K, used 83428K [0x0ba00000, 0x43a00000, 0x43a00000)
 Metaspace       used 22688K, capacity 22901K, committed 23040K, reserved 23936K
Event: 54.323 GC heap after
Heap after GC invocations=37 (full 11):
 par new generation   total 118016K, used 7668K [0x03a00000, 0x0ba00000, 0x0ba00000)
  eden space 104960K,   0% used [0x03a00000, 0x03a00000, 0x0a080000)
  from space 13056K,  58% used [0x0ad40000, 0x0b4bd340, 0x0ba00000)
  to   space 13056K,   0% used [0x0a080000, 0x0a080000, 0x0ad40000)
 concurrent mark-sweep generation total 917504K, used 83428K [0x0ba00000, 0x43a00000, 0x43a00000)
 Metaspace       used 22688K, capacity 22901K, committed 23040K, reserved 23936K
}

