# JRE version: Java(TM) SE Runtime Environment (8.0_77-b03) (build 1.8.0_77-b03)
# Java VM: Java HotSpot(TM) Client VM (25.77-b03 mixed mode windows-x86 )
Heap:
 par new generation   total 118016K, used 8475K [0x04000000, 0x0c000000, 0x0c000000)
  eden space 104960K,   2% used [0x04000000, 0x04231c48, 0x0a680000)
  from space 13056K,  47% used [0x0b340000, 0x0b955348, 0x0c000000)
  to   space 13056K,   0% used [0x0a680000, 0x0a680000, 0x0b340000)
 concurrent mark-sweep generation total 917504K, used 78071K [0x0c000000, 0x44000000, 0x44000000)
 Metaspace       used 23442K, capacity 23684K, committed 23936K, reserved 23936K
GC Heap History (10 events):
Event: 28.196 GC heap before
{Heap before GC invocations=29 (full 11):
 par new generation   total 118016K, used 104960K [0x04000000, 0x0c000000, 0x0c000000)
  eden space 104960K, 100% used [0x04000000, 0x0a680000, 0x0a680000)
  from space 13056K,   0% used [0x0a680000, 0x0a680000, 0x0b340000)
  to   space 13056K,   0% used [0x0b340000, 0x0b340000, 0x0c000000)
 concurrent mark-sweep generation total 917504K, used 61583K [0x0c000000, 0x44000000, 0x44000000)
 Metaspace       used 20037K, capacity 20282K, committed 20352K, reserved 20864K
Event: 28.205 GC heap after
Heap after GC invocations=30 (full 11):
 par new generation   total 118016K, used 6552K [0x04000000, 0x0c000000, 0x0c000000)
  eden space 104960K,   0% used [0x04000000, 0x04000000, 0x0a680000)
  from space 13056K,  50% used [0x0b340000, 0x0b9a62d8, 0x0c000000)
  to   space 13056K,   0% used [0x0a680000, 0x0a680000, 0x0b340000)
 concurrent mark-sweep generation total 917504K, used 61583K [0x0c000000, 0x44000000, 0x44000000)
 Metaspace       used 20037K, capacity 20282K, committed 20352K, reserved 20864K
}
Event: 28.887 GC heap before
{Heap before GC invocations=30 (full 11):
 par new generation   total 118016K, used 111512K [0x04000000, 0x0c000000, 0x0c000000)
  eden space 104960K, 100% used [0x04000000, 0x0a680000, 0x0a680000)
  from space 13056K,  50% used [0x0b340000, 0x0b9a62d8, 0x0c000000)
  to   space 13056K,   0% used [0x0a680000, 0x0a680000, 0x0b340000)
 concurrent mark-sweep generation total 917504K, used 61535K [0x0c000000, 0x44000000, 0x44000000)
 Metaspace       used 20873K, capacity 21092K, committed 21248K, reserved 21888K
Event: 28.904 GC heap after
Heap after GC invocations=31 (full 11):
 par new generation   total 118016K, used 13056K [0x04000000, 0x0c000000, 0x0c000000)
  eden space 104960K,   0% used [0x04000000, 0x04000000, 0x0a680000)
  from space 13056K, 100% used [0x0a680000, 0x0b340000, 0x0b340000)
  to   space 13056K,   0% used [0x0b340000, 0x0b340000, 0x0c000000)
 concurrent mark-sweep generation total 917504K, used 64044K [0x0c000000, 0x44000000, 0x44000000)
 Metaspace       used 20873K, capacity 21092K, committed 21248K, reserved 21888K
}
Event: 29.158 GC heap before
{Heap before GC invocations=31 (full 11):
 par new generation   total 118016K, used 72725K [0x04000000, 0x0c000000, 0x0c000000)
  eden space 104960K,  56% used [0x04000000, 0x07a45580, 0x0a680000)
  from space 13056K, 100% used [0x0a680000, 0x0b340000, 0x0b340000)
  to   space 13056K,   0% used [0x0b340000, 0x0b340000, 0x0c000000)
 concurrent mark-sweep generation total 917504K, used 64044K [0x0c000000, 0x44000000, 0x44000000)
 Metaspace       used 21493K, capacity 21670K, committed 21888K, reserved 21888K
Event: 29.304 GC heap after
Heap after GC invocations=32 (full 12):
 par new generation   total 118016K, used 0K [0x04000000, 0x0c000000, 0x0c000000)
  eden space 104960K,   0% used [0x04000000, 0x04000000, 0x0a680000)
  from space 13056K,   0% used [0x0a680000, 0x0a680000, 0x0b340000)
  to   space 13056K,   0% used [0x0b340000, 0x0b340000, 0x0c000000)
 concurrent mark-sweep generation total 917504K, used 78071K [0x0c000000, 0x44000000, 0x44000000)
 Metaspace       used 21493K, capacity 21670K, committed 21888K, reserved 21888K
}
Event: 29.464 GC heap before
{Heap before GC invocations=32 (full 12):
 par new generation   total 118016K, used 88933K [0x04000000, 0x0c000000, 0x0c000000)
  eden space 104960K,  84% used [0x04000000, 0x096d94a0, 0x0a680000)
  from space 13056K,   0% used [0x0a680000, 0x0a680000, 0x0b340000)
  to   space 13056K,   0% used [0x0b340000, 0x0b340000, 0x0c000000)
 concurrent mark-sweep generation total 917504K, used 78071K [0x0c000000, 0x44000000, 0x44000000)
 Metaspace       used 21941K, capacity 22170K, committed 22400K, reserved 22912K
Event: 29.471 GC heap after
Heap after GC invocations=33 (full 12):
 par new generation   total 118016K, used 10807K [0x04000000, 0x0c000000, 0x0c000000)
  eden space 104960K,   0% used [0x04000000, 0x04000000, 0x0a680000)
  from space 13056K,  82% used [0x0b340000, 0x0bdcdc28, 0x0c000000)
  to   space 13056K,   0% used [0x0a680000, 0x0a680000, 0x0b340000)
 concurrent mark-sweep generation total 917504K, used 78071K [0x0c000000, 0x44000000, 0x44000000)
 Metaspace       used 21941K, capacity 22170K, committed 22400K, reserved 22912K
}
Event: 30.375 GC heap before
{Heap before GC invocations=33 (full 13):
 par new generation   total 118016K, used 115329K [0x04000000, 0x0c000000, 0x0c000000)
  eden space 104960K,  99% used [0x04000000, 0x0a612b60, 0x0a680000)
  from space 13056K,  82% used [0x0b340000, 0x0bdcdc28, 0x0c000000)
  to   space 13056K,   0% used [0x0a680000, 0x0a680000, 0x0b340000)
 concurrent mark-sweep generation total 917504K, used 78071K [0x0c000000, 0x44000000, 0x44000000)
 Metaspace       used 22584K, capacity 22818K, committed 23040K, reserved 23936K
Event: 30.386 GC heap after
Heap after GC invocations=34 (full 13):
 par new generation   total 118016K, used 7268K [0x04000000, 0x0c000000, 0x0c000000)
  eden space 104960K,   0% used [0x04000000, 0x04000000, 0x0a680000)
  from space 13056K,  55% used [0x0a680000, 0x0ad991d0, 0x0b340000)
  to   space 13056K,   0% used [0x0b340000, 0x0b340000, 0x0c000000)
 concurrent mark-sweep generation total 917504K, used 78071K [0x0c000000, 0x44000000, 0x44000000)
 Metaspace       used 22584K, capacity 22818K, committed 23040K, reserved 23936K
}

